Using pre-set license
Built from '2020.3/staging' branch; Version is '2020.3.9f1 (108be757e447) revision 1084391'; Using compiler version '192528614'; Build Type 'Release'
OS: 'Windows 10 Pro; OS build 19042.1288; Version 2009; 64bit' Language: 'en' Physical Memory: 32677 MB
BatchMode: 1, IsHumanControllingUs: 0, StartBugReporterOnCrash: 0, Is64bit: 1, IsPro: 0

 COMMAND LINE ARGUMENTS:
C:\Program Files\Unity\Hub\Editor\2020.3.9f1\Editor\Unity.exe
-adb2
-batchMode
-noUpm
-name
AssetImportWorker0
-projectPath
S:/unity/SceneReference/Myles_TowerScene
-logFile
Logs/AssetImportWorker0.log
-srvPort
63653
Successfully changed project path to: S:/unity/SceneReference/Myles_TowerScene
S:/unity/SceneReference/Myles_TowerScene
Using Asset Import Pipeline V2.
Refreshing native plugins compatible for Editor in 35.43 ms, found 0 plugins.
Preloading 0 native plugins for Editor in 0.00 ms.
Initialize engine version: 2020.3.9f1 (108be757e447)
[Subsystems] Discovering subsystems at path C:/Program Files/Unity/Hub/Editor/2020.3.9f1/Editor/Data/Resources/UnitySubsystems
[Subsystems] Discovering subsystems at path S:/unity/SceneReference/Myles_TowerScene/Assets
GfxDevice: creating device client; threaded=0
Direct3D:
    Version:  Direct3D 11.0 [level 11.1]
    Renderer: AMD Radeon RX 5700 (ID=0x731f)
    Vendor:   
    VRAM:     8151 MB
    Driver:   27.20.21003.8013
Initialize mono
Mono path[0] = 'C:/Program Files/Unity/Hub/Editor/2020.3.9f1/Editor/Data/Managed'
Mono path[1] = 'C:/Program Files/Unity/Hub/Editor/2020.3.9f1/Editor/Data/MonoBleedingEdge/lib/mono/unityjit'
Mono config path = 'C:/Program Files/Unity/Hub/Editor/2020.3.9f1/Editor/Data/MonoBleedingEdge/etc'
Using monoOptions --debugger-agent=transport=dt_socket,embedding=1,server=y,suspend=n,address=127.0.0.1:56044
Begin MonoManager ReloadAssembly
Registering precompiled unity dll's ...
Register platform support module: C:/Program Files/Unity/Hub/Editor/2020.3.9f1/Editor/Data/PlaybackEngines/WindowsStandaloneSupport/UnityEditor.WindowsStandalone.Extensions.dll
Registered in 0.001757 seconds.
Native extension for WindowsStandalone target not found
Refreshing native plugins compatible for Editor in 38.14 ms, found 0 plugins.
Preloading 0 native plugins for Editor in 0.00 ms.
Mono: successfully reloaded assembly
- Completed reload, in  1.525 seconds
Platform modules already initialized, skipping
Registering precompiled user dll's ...
Registered in 0.000738 seconds.
Begin MonoManager ReloadAssembly
Native extension for WindowsStandalone target not found
Refreshing native plugins compatible for Editor in 37.38 ms, found 0 plugins.
Preloading 0 native plugins for Editor in 0.00 ms.
Mono: successfully reloaded assembly
- Completed reload, in  0.770 seconds
Platform modules already initialized, skipping
========================================================================
Worker process is ready to serve import requests
Shader 'Universal Render Pipeline/Particles/Lit': fallback shader 'Universal Render Pipeline/Particles/SimpleLit' not found
Shader 'Universal Render Pipeline/Particles/Lit': fallback shader 'Universal Render Pipeline/Particles/SimpleLit' not found
Launched and connected shader compiler UnityShaderCompiler.exe after 0.04 seconds
Refreshing native plugins compatible for Editor in 0.53 ms, found 0 plugins.
Preloading 0 native plugins for Editor in 0.00 ms.
Unloading 2421 Unused Serialized files (Serialized files now loaded: 0)
System memory in use before: 114.5 MB.
System memory in use after: 111.7 MB.

Unloading 45 unused Assets to reduce memory usage. Loaded Objects now: 2829.
Total: 3.260500 ms (FindLiveObjects: 0.267400 ms CreateObjectMapping: 0.061600 ms MarkObjects: 1.604300 ms  DeleteObjects: 1.325700 ms)

========================================================================
Received Import Request.
  path: Assets/Materials/globe
  artifactKey: Guid(3152097218c3cfb4d882959044f71196) Importer(815301076,1909f56bfc062723c751e8b465ee728b)
Start importing Assets/Materials/globe using Guid(3152097218c3cfb4d882959044f71196) Importer(815301076,1909f56bfc062723c751e8b465ee728b)  -> (artifact id: 'fc52e3c928e9aa79150682518e206279') in 0.012949 seconds
  Import took 0.016846 seconds .

========================================================================
Received Import Request.
  Time since last request: 9.086824 seconds.
  path: Assets/Materials/globe/SnowGlobeFinished_Checker 1024_AlbedoTransparency.png
  artifactKey: Guid(751e0bb23d50f60488477c5bd5a8761d) Importer(815301076,1909f56bfc062723c751e8b465ee728b)
Start importing Assets/Materials/globe/SnowGlobeFinished_Checker 1024_AlbedoTransparency.png using Guid(751e0bb23d50f60488477c5bd5a8761d) Importer(815301076,1909f56bfc062723c751e8b465ee728b)  -> (artifact id: '3437db1747a5d7afb3c50a953fce7f94') in 0.076809 seconds
  Import took 0.080766 seconds .

========================================================================
Received Import Request.
  Time since last request: 0.000195 seconds.
  path: Assets/Materials/globe/SnowGlobeFinished_Checker 1024_MetallicSmoothness.png
  artifactKey: Guid(35cd3d9274b12354c91c408151ca502b) Importer(815301076,1909f56bfc062723c751e8b465ee728b)
Start importing Assets/Materials/globe/SnowGlobeFinished_Checker 1024_MetallicSmoothness.png using Guid(35cd3d9274b12354c91c408151ca502b) Importer(815301076,1909f56bfc062723c751e8b465ee728b)  -> (artifact id: '050ab41c5a631ee553051af8b2c7da76') in 0.010351 seconds
  Import took 0.013278 seconds .

========================================================================
Received Import Request.
  Time since last request: 0.000208 seconds.
  path: Assets/Materials/globe/SnowGlobeFinished_UnityGlass_AlbedoTransparency.png
  artifactKey: Guid(81a9c89912c50a4439d280a1b928e728) Importer(815301076,1909f56bfc062723c751e8b465ee728b)
Start importing Assets/Materials/globe/SnowGlobeFinished_UnityGlass_AlbedoTransparency.png using Guid(81a9c89912c50a4439d280a1b928e728) Importer(815301076,1909f56bfc062723c751e8b465ee728b)  -> (artifact id: 'e7ebd933d4e2f4ddc683d8adec067f21') in 0.007298 seconds
  Import took 0.010183 seconds .

========================================================================
Received Import Request.
  Time since last request: 0.000157 seconds.
  path: Assets/Materials/globe/SnowGlobeFinished_UnityGlass_MetallicSmoothness.png
  artifactKey: Guid(7b7bdc7cf2edba541ba2df6a38e5ce51) Importer(815301076,1909f56bfc062723c751e8b465ee728b)
Start importing Assets/Materials/globe/SnowGlobeFinished_UnityGlass_MetallicSmoothness.png using Guid(7b7bdc7cf2edba541ba2df6a38e5ce51) Importer(815301076,1909f56bfc062723c751e8b465ee728b)  -> (artifact id: 'a1d693cb2d27fd878940a94a91aaf870') in 0.007856 seconds
  Import took 0.011231 seconds .

========================================================================
Received Import Request.
  Time since last request: 0.000198 seconds.
  path: Assets/Materials/globe/SnowGlobeFinished_Checker 1024_Normal.png
  artifactKey: Guid(dc76c501e6ac9c346a22d9d63c3f5c82) Importer(815301076,1909f56bfc062723c751e8b465ee728b)
Start importing Assets/Materials/globe/SnowGlobeFinished_Checker 1024_Normal.png using Guid(dc76c501e6ac9c346a22d9d63c3f5c82) Importer(815301076,1909f56bfc062723c751e8b465ee728b)  -> (artifact id: '75c1f143c5315b8bdadd3180d01f3d15') in 0.010861 seconds
  Import took 0.014651 seconds .

========================================================================
Received Import Request.
  Time since last request: 0.000190 seconds.
  path: Assets/Materials/globe/SnowGlobeFinished_UnityGlass_Normal.png
  artifactKey: Guid(fb9fb0ff15c2ce04f89586b9e698382e) Importer(815301076,1909f56bfc062723c751e8b465ee728b)
Start importing Assets/Materials/globe/SnowGlobeFinished_UnityGlass_Normal.png using Guid(fb9fb0ff15c2ce04f89586b9e698382e) Importer(815301076,1909f56bfc062723c751e8b465ee728b)  -> (artifact id: '59b71610af7c68634fadce08eade71b9') in 0.008337 seconds
  Import took 0.011833 seconds .

========================================================================
Received Import Request.
  Time since last request: 33.513283 seconds.
  path: Assets/Prefab/SnowGlobeFinished.fbx
  artifactKey: Guid(f785d195218b834488d5388bd269c54c) Importer(815301076,1909f56bfc062723c751e8b465ee728b)
Start importing Assets/Prefab/SnowGlobeFinished.fbx using Guid(f785d195218b834488d5388bd269c54c) Importer(815301076,1909f56bfc062723c751e8b465ee728b)  -> (artifact id: 'ca8b5a8d70bbc641c201b69970e54931') in 0.196663 seconds
  Import took 0.200617 seconds .

========================================================================
Received Import Request.
  Time since last request: 71.838500 seconds.
  path: Assets/Materials/globe/castleAndBase.mat
  artifactKey: Guid(180af95de0891e34197b09be5c879ce1) Importer(815301076,1909f56bfc062723c751e8b465ee728b)
Start importing Assets/Materials/globe/castleAndBase.mat using Guid(180af95de0891e34197b09be5c879ce1) Importer(815301076,1909f56bfc062723c751e8b465ee728b)  -> (artifact id: '1c433771a2263694eebac840bbbfa5da') in 0.012807 seconds
  Import took 0.017003 seconds .

========================================================================
Received Import Request.
  Time since last request: 78.456266 seconds.
  path: Assets/Materials/Stair.mat
  artifactKey: Guid(ede0a36aea5be0c43970160eb3541eef) Importer(815301076,1909f56bfc062723c751e8b465ee728b)
Start importing Assets/Materials/Stair.mat using Guid(ede0a36aea5be0c43970160eb3541eef) Importer(815301076,1909f56bfc062723c751e8b465ee728b)  -> (artifact id: '08966ab74965d6ac4ebba1436a56c1b7') in 0.011967 seconds
  Import took 0.015755 seconds .

========================================================================
Received Import Request.
  Time since last request: 15.377116 seconds.
  path: Assets/Prefab/SnowGlobeFinished.fbx
  artifactKey: Guid(f785d195218b834488d5388bd269c54c) Importer(815301076,1909f56bfc062723c751e8b465ee728b)
Start importing Assets/Prefab/SnowGlobeFinished.fbx using Guid(f785d195218b834488d5388bd269c54c) Importer(815301076,1909f56bfc062723c751e8b465ee728b)  -> (artifact id: 'ba835a31d6076a6094cc0929df53618c') in 0.014825 seconds
  Import took 0.018808 seconds .

========================================================================
Received Import Request.
  Time since last request: 0.000431 seconds.
  path: Assets/Prefab/SnowGlobeFinished.fbx
  artifactKey: Guid(f785d195218b834488d5388bd269c54c) Importer(815301076,1909f56bfc062723c751e8b465ee728b)
Start importing Assets/Prefab/SnowGlobeFinished.fbx using Guid(f785d195218b834488d5388bd269c54c) Importer(815301076,1909f56bfc062723c751e8b465ee728b)  -> (artifact id: 'ba835a31d6076a6094cc0929df53618c') in 0.014082 seconds
  Import took 0.017408 seconds .

========================================================================
Received Import Request.
  Time since last request: 176.518528 seconds.
  path: Assets/Prefab/Globe.fbx
  artifactKey: Guid(93ca5570fbcb6fb45828249eb19d8129) Importer(815301076,1909f56bfc062723c751e8b465ee728b)
Start importing Assets/Prefab/Globe.fbx using Guid(93ca5570fbcb6fb45828249eb19d8129) Importer(815301076,1909f56bfc062723c751e8b465ee728b)  -> (artifact id: 'ce523cf5318de7430f27933ba5a8f4bb') in 0.019860 seconds
  Import took 0.023950 seconds .

========================================================================
Received Import Request.
  Time since last request: 21.462835 seconds.
  path: Assets/Prefab/Globe.fbx
  artifactKey: Guid(93ca5570fbcb6fb45828249eb19d8129) Importer(815301076,1909f56bfc062723c751e8b465ee728b)
Start importing Assets/Prefab/Globe.fbx using Guid(93ca5570fbcb6fb45828249eb19d8129) Importer(815301076,1909f56bfc062723c751e8b465ee728b)  -> (artifact id: '93987308fc53e3b96c3579934626c8b9') in 0.013316 seconds
  Import took 0.017210 seconds .

========================================================================
Received Import Request.
  Time since last request: 217.538062 seconds.
  path: Assets/Materials/globe/castleAndBase.mat
  artifactKey: Guid(180af95de0891e34197b09be5c879ce1) Importer(815301076,1909f56bfc062723c751e8b465ee728b)
Start importing Assets/Materials/globe/castleAndBase.mat using Guid(180af95de0891e34197b09be5c879ce1) Importer(815301076,1909f56bfc062723c751e8b465ee728b)  -> (artifact id: '3f78cdbb7dc0ca645a1dd66ad57546bd') in 0.014725 seconds
  Import took 0.018858 seconds .

========================================================================
Received Import Request.
  Time since last request: 6.334483 seconds.
  path: Assets/Materials/globe/SnowGlobeFinished_Checker 1024_Normal.png
  artifactKey: Guid(dc76c501e6ac9c346a22d9d63c3f5c82) Importer(815301076,1909f56bfc062723c751e8b465ee728b)
Start importing Assets/Materials/globe/SnowGlobeFinished_Checker 1024_Normal.png using Guid(dc76c501e6ac9c346a22d9d63c3f5c82) Importer(815301076,1909f56bfc062723c751e8b465ee728b)  -> (artifact id: 'e2fd404c4037c922a4fb9a6d3dae365c') in 0.012006 seconds
  Import took 0.015855 seconds .

========================================================================
Received Import Request.
  Time since last request: 136.025487 seconds.
  path: Assets/Materials/Glass.mat
  artifactKey: Guid(9f17671a77deb3a45b15830eb881260a) Importer(815301076,1909f56bfc062723c751e8b465ee728b)
Start importing Assets/Materials/Glass.mat using Guid(9f17671a77deb3a45b15830eb881260a) Importer(815301076,1909f56bfc062723c751e8b465ee728b)  -> (artifact id: 'b6c102f389a69bc993bd2645131a692e') in 0.012046 seconds
  Import took 0.016735 seconds .

========================================================================
Received Import Request.
  Time since last request: 833.061125 seconds.
  path: Assets/Prefab/Book3 1.fbx
  artifactKey: Guid(bc9719d783020d74baa78ca82e3d7015) Importer(815301076,1909f56bfc062723c751e8b465ee728b)
Start importing Assets/Prefab/Book3 1.fbx using Guid(bc9719d783020d74baa78ca82e3d7015) Importer(815301076,1909f56bfc062723c751e8b465ee728b)  -> (artifact id: '6aaada5402536d1e4ff921e7978ff289') in 0.018622 seconds
  Import took 0.022827 seconds .

========================================================================
Received Import Request.
  Time since last request: 106.045201 seconds.
  path: Assets/Prefab/Book3 2.fbx
  artifactKey: Guid(557eaa43481494b4686bd90742ebfd3b) Importer(815301076,1909f56bfc062723c751e8b465ee728b)
Start importing Assets/Prefab/Book3 2.fbx using Guid(557eaa43481494b4686bd90742ebfd3b) Importer(815301076,1909f56bfc062723c751e8b465ee728b)  -> (artifact id: '80c933e34252eb5ad72df301f9865e0d') in 0.016162 seconds
  Import took 0.020676 seconds .

========================================================================
Received Import Request.
  Time since last request: 0.878569 seconds.
  path: Assets/Prefab/Book3 3.fbx
  artifactKey: Guid(48e697cbd44d6d64dac0e2797ddfd94d) Importer(815301076,1909f56bfc062723c751e8b465ee728b)
Start importing Assets/Prefab/Book3 3.fbx using Guid(48e697cbd44d6d64dac0e2797ddfd94d) Importer(815301076,1909f56bfc062723c751e8b465ee728b)  -> (artifact id: 'd31238fc46def3992d0a3750f3022310') in 0.016040 seconds
  Import took 0.020199 seconds .

========================================================================
Received Import Request.
  Time since last request: 1.518903 seconds.
  path: Assets/Prefab/Book3 4.fbx
  artifactKey: Guid(9b3e7c3e82e56e84b8d9b447c232ee2e) Importer(815301076,1909f56bfc062723c751e8b465ee728b)
Start importing Assets/Prefab/Book3 4.fbx using Guid(9b3e7c3e82e56e84b8d9b447c232ee2e) Importer(815301076,1909f56bfc062723c751e8b465ee728b)  -> (artifact id: '0809d141e5b97b9d747b12231db2bc1b') in 0.015918 seconds
  Import took 0.019831 seconds .

========================================================================
Received Import Request.
  Time since last request: 0.869603 seconds.
  path: Assets/Prefab/Book3 5.fbx
  artifactKey: Guid(048cdb02a60b7524d86e63069c80bcab) Importer(815301076,1909f56bfc062723c751e8b465ee728b)
Start importing Assets/Prefab/Book3 5.fbx using Guid(048cdb02a60b7524d86e63069c80bcab) Importer(815301076,1909f56bfc062723c751e8b465ee728b)  -> (artifact id: '01d617c70c5d4527df8729d6091ec6c3') in 0.020021 seconds
  Import took 0.024322 seconds .

========================================================================
Received Import Request.
  Time since last request: 0.935564 seconds.
  path: Assets/Prefab/Book3 6.fbx
  artifactKey: Guid(6939298213c5e324faab32d2d35df99d) Importer(815301076,1909f56bfc062723c751e8b465ee728b)
Start importing Assets/Prefab/Book3 6.fbx using Guid(6939298213c5e324faab32d2d35df99d) Importer(815301076,1909f56bfc062723c751e8b465ee728b)  -> (artifact id: '27745d442bf674880ff9b7367808ac33') in 0.015638 seconds
  Import took 0.019467 seconds .

========================================================================
Received Import Request.
  Time since last request: 14.482332 seconds.
  path: Assets/Prefab/Material Book.fbx
  artifactKey: Guid(93b0564f3ec38cb41aa6dff023ce6c48) Importer(815301076,1909f56bfc062723c751e8b465ee728b)
Start importing Assets/Prefab/Material Book.fbx using Guid(93b0564f3ec38cb41aa6dff023ce6c48) Importer(815301076,1909f56bfc062723c751e8b465ee728b)  -> (artifact id: 'bde384d52bab01a411f33664153dbbd0') in 0.017506 seconds
  Import took 0.021526 seconds .

========================================================================
Received Import Request.
  Time since last request: 6.885176 seconds.
  path: Assets/Materials/Candle/Candle.mat
  artifactKey: Guid(a185a1799487c8c4c8c13b2300d5c403) Importer(815301076,1909f56bfc062723c751e8b465ee728b)
Start importing Assets/Materials/Candle/Candle.mat using Guid(a185a1799487c8c4c8c13b2300d5c403) Importer(815301076,1909f56bfc062723c751e8b465ee728b)  -> (artifact id: '5c358a5f230e94b148c1e6d191d38752') in 0.010554 seconds
  Import took 0.014526 seconds .

========================================================================
Received Import Request.
  Time since last request: 0.000213 seconds.
  path: Assets/Materials/globe/castleAndBase.mat
  artifactKey: Guid(180af95de0891e34197b09be5c879ce1) Importer(815301076,1909f56bfc062723c751e8b465ee728b)
Start importing Assets/Materials/globe/castleAndBase.mat using Guid(180af95de0891e34197b09be5c879ce1) Importer(815301076,1909f56bfc062723c751e8b465ee728b)  -> (artifact id: '51f8a03b34fe16cb87d0affdfa13e9f7') in 0.011610 seconds
  Import took 0.015375 seconds .

========================================================================
Received Import Request.
  Time since last request: 0.000152 seconds.
  path: Assets/Materials/door wood/DoorWood.mat
  artifactKey: Guid(3cfbf45e85224f944b0cb7b3b86623e4) Importer(815301076,1909f56bfc062723c751e8b465ee728b)
Start importing Assets/Materials/door wood/DoorWood.mat using Guid(3cfbf45e85224f944b0cb7b3b86623e4) Importer(815301076,1909f56bfc062723c751e8b465ee728b)  -> (artifact id: '8a31efc76f28a9c7d52d8580fe6a75bb') in 0.019661 seconds
  Import took 0.023179 seconds .

========================================================================
Received Import Request.
  Time since last request: 0.000171 seconds.
  path: Assets/Materials/globe/castleAndBase.mat
  artifactKey: Guid(180af95de0891e34197b09be5c879ce1) Importer(815301076,1909f56bfc062723c751e8b465ee728b)
Start importing Assets/Materials/globe/castleAndBase.mat using Guid(180af95de0891e34197b09be5c879ce1) Importer(815301076,1909f56bfc062723c751e8b465ee728b)  -> (artifact id: '51f8a03b34fe16cb87d0affdfa13e9f7') in 0.009808 seconds
  Import took 0.013623 seconds .

========================================================================
Received Import Request.
  Time since last request: 0.000188 seconds.
  path: Assets/Materials/Candle/Candle.mat
  artifactKey: Guid(a185a1799487c8c4c8c13b2300d5c403) Importer(815301076,1909f56bfc062723c751e8b465ee728b)
Start importing Assets/Materials/Candle/Candle.mat using Guid(a185a1799487c8c4c8c13b2300d5c403) Importer(815301076,1909f56bfc062723c751e8b465ee728b)  -> (artifact id: '5c358a5f230e94b148c1e6d191d38752') in 0.006102 seconds
  Import took 0.009378 seconds .

========================================================================
Received Import Request.
  Time since last request: 1.763686 seconds.
  path: Assets/Materials/Shelf/ShelfWood.mat
  artifactKey: Guid(d8e8d6a6253c4544a93fd994feeecd1b) Importer(815301076,1909f56bfc062723c751e8b465ee728b)
Start importing Assets/Materials/Shelf/ShelfWood.mat using Guid(d8e8d6a6253c4544a93fd994feeecd1b) Importer(815301076,1909f56bfc062723c751e8b465ee728b)  -> (artifact id: '88df25e7c74c577e7e93036e4b543977') in 0.025735 seconds
  Import took 0.030412 seconds .

========================================================================
Received Import Request.
  Time since last request: 0.000161 seconds.
  path: Assets/Materials/Wall stone/Stone.mat
  artifactKey: Guid(133680718362d9141bae2d77878b073b) Importer(815301076,1909f56bfc062723c751e8b465ee728b)
Start importing Assets/Materials/Wall stone/Stone.mat using Guid(133680718362d9141bae2d77878b073b) Importer(815301076,1909f56bfc062723c751e8b465ee728b)  -> (artifact id: '045890ad52d92d579b168d5abbaa416c') in 0.013134 seconds
  Import took 0.016415 seconds .

========================================================================
Received Import Request.
  Time since last request: 0.000164 seconds.
  path: Assets/Materials/Shelf/ShelfWood.mat
  artifactKey: Guid(d8e8d6a6253c4544a93fd994feeecd1b) Importer(815301076,1909f56bfc062723c751e8b465ee728b)
Start importing Assets/Materials/Shelf/ShelfWood.mat using Guid(d8e8d6a6253c4544a93fd994feeecd1b) Importer(815301076,1909f56bfc062723c751e8b465ee728b)  -> (artifact id: '88df25e7c74c577e7e93036e4b543977') in 0.016816 seconds
  Import took 0.020401 seconds .

========================================================================
Received Import Request.
  Time since last request: 0.000152 seconds.
  path: Assets/Materials/Wall stone/Stone.mat
  artifactKey: Guid(133680718362d9141bae2d77878b073b) Importer(815301076,1909f56bfc062723c751e8b465ee728b)
Start importing Assets/Materials/Wall stone/Stone.mat using Guid(133680718362d9141bae2d77878b073b) Importer(815301076,1909f56bfc062723c751e8b465ee728b)  -> (artifact id: '045890ad52d92d579b168d5abbaa416c') in 0.012880 seconds
  Import took 0.016244 seconds .

========================================================================
Received Import Request.
  Time since last request: 18.009591 seconds.
  path: Assets/Materials/dark leather.mat
  artifactKey: Guid(30d3d329ed35fc0438fab6fed2004dec) Importer(815301076,1909f56bfc062723c751e8b465ee728b)
Start importing Assets/Materials/dark leather.mat using Guid(30d3d329ed35fc0438fab6fed2004dec) Importer(815301076,1909f56bfc062723c751e8b465ee728b)  -> (artifact id: '300642d0758a098cceb3068e33b50390') in 0.010643 seconds
  Import took 0.014797 seconds .

========================================================================
Received Import Request.
  Time since last request: 78.897182 seconds.
  path: Assets/Prefab/Book3 1.fbx
  artifactKey: Guid(bc9719d783020d74baa78ca82e3d7015) Importer(815301076,1909f56bfc062723c751e8b465ee728b)
Start importing Assets/Prefab/Book3 1.fbx using Guid(bc9719d783020d74baa78ca82e3d7015) Importer(815301076,1909f56bfc062723c751e8b465ee728b)  -> (artifact id: 'c159fa28bf48818bdfd0a9d09e0086d4') in 0.011005 seconds
  Import took 0.014980 seconds .

========================================================================
Received Import Request.
  Time since last request: 284.583781 seconds.
  path: Assets/Prefab/ShelfUVd.fbx
  artifactKey: Guid(9022fa79c6d81ac46a1676ec1a4f7be4) Importer(815301076,1909f56bfc062723c751e8b465ee728b)
Start importing Assets/Prefab/ShelfUVd.fbx using Guid(9022fa79c6d81ac46a1676ec1a4f7be4) Importer(815301076,1909f56bfc062723c751e8b465ee728b)  -> (artifact id: '0f173224f894e080eb726db211b08d65') in 0.022701 seconds
  Import took 0.027239 seconds .

========================================================================
Received Import Request.
  Time since last request: 19.242913 seconds.
  path: Assets/Prefab/ShelfUVd.fbx
  artifactKey: Guid(9022fa79c6d81ac46a1676ec1a4f7be4) Importer(815301076,1909f56bfc062723c751e8b465ee728b)
Start importing Assets/Prefab/ShelfUVd.fbx using Guid(9022fa79c6d81ac46a1676ec1a4f7be4) Importer(815301076,1909f56bfc062723c751e8b465ee728b)  -> (artifact id: '5080bbcfc81c7280fa361c9424dd4fc0') in 0.025722 seconds
  Import took 0.030265 seconds .

========================================================================
Received Import Request.
  Time since last request: 357.945676 seconds.
  path: Assets/Materials/leather.mat
  artifactKey: Guid(ff87f42293ee5584b9024cd50fdb63db) Importer(815301076,1909f56bfc062723c751e8b465ee728b)
Start importing Assets/Materials/leather.mat using Guid(ff87f42293ee5584b9024cd50fdb63db) Importer(815301076,1909f56bfc062723c751e8b465ee728b)  -> (artifact id: '7c24e8d9aba585b1dc7244b7b993554d') in 0.012500 seconds
  Import took 0.016772 seconds .

========================================================================
Received Import Request.
  Time since last request: 1507.328335 seconds.
  path: Assets/Materials/leather.mat
  artifactKey: Guid(ff87f42293ee5584b9024cd50fdb63db) Importer(815301076,1909f56bfc062723c751e8b465ee728b)
Start importing Assets/Materials/leather.mat using Guid(ff87f42293ee5584b9024cd50fdb63db) Importer(815301076,1909f56bfc062723c751e8b465ee728b)  -> (artifact id: '49cc13b7bde4a1f380114400d6c0c2a3') in 0.011912 seconds
  Import took 0.016109 seconds .

========================================================================
Received Import Request.
  Time since last request: 210.138722 seconds.
  path: Assets/Scenes/Myles Tower Scene/bloom Profile.asset
  artifactKey: Guid(828c4d84180aab24abffbc5d1618233a) Importer(815301076,1909f56bfc062723c751e8b465ee728b)
Start importing Assets/Scenes/Myles Tower Scene/bloom Profile.asset using Guid(828c4d84180aab24abffbc5d1618233a) Importer(815301076,1909f56bfc062723c751e8b465ee728b)  -> (artifact id: '93e66011240f2402eb3693b1594114f5') in 0.010446 seconds
  Import took 0.014765 seconds .

========================================================================
Received Import Request.
  Time since last request: 0.000200 seconds.
  path: Assets/Scenes/Myles Tower Scene/ReflectionProbe-0.exr
  artifactKey: Guid(b25373118005aef499a01330558457f3) Importer(815301076,1909f56bfc062723c751e8b465ee728b)
Start importing Assets/Scenes/Myles Tower Scene/ReflectionProbe-0.exr using Guid(b25373118005aef499a01330558457f3) Importer(815301076,1909f56bfc062723c751e8b465ee728b)  -> (artifact id: '2cfccbd5ff1e2fcdd8c380856831e8e0') in 0.024361 seconds
  Import took 0.027545 seconds .

========================================================================
Received Import Request.
  Time since last request: 0.000179 seconds.
  path: Assets/Scenes/Myles Tower Scene/bloom Profile.asset
  artifactKey: Guid(828c4d84180aab24abffbc5d1618233a) Importer(815301076,1909f56bfc062723c751e8b465ee728b)
Start importing Assets/Scenes/Myles Tower Scene/bloom Profile.asset using Guid(828c4d84180aab24abffbc5d1618233a) Importer(815301076,1909f56bfc062723c751e8b465ee728b)  -> (artifact id: '93e66011240f2402eb3693b1594114f5') in 0.001952 seconds
  Import took 0.004937 seconds .

========================================================================
Received Import Request.
  Time since last request: 0.000126 seconds.
  path: Assets/Scenes/Myles Tower Scene/LightingData.asset
  artifactKey: Guid(09c7f35219cdffb42b45d15ca3257985) Importer(815301076,1909f56bfc062723c751e8b465ee728b)
Start importing Assets/Scenes/Myles Tower Scene/LightingData.asset using Guid(09c7f35219cdffb42b45d15ca3257985) Importer(815301076,1909f56bfc062723c751e8b465ee728b)  -> (artifact id: 'accd53233bcf456e217384ccf3f7d6f8') in 0.005617 seconds
  Import took 0.008809 seconds .

========================================================================
Received Import Request.
  Time since last request: 80.125999 seconds.
  path: Assets/Scenes/Myles Tower Scene/LightingData.asset
  artifactKey: Guid(09c7f35219cdffb42b45d15ca3257985) Importer(815301076,1909f56bfc062723c751e8b465ee728b)
Start importing Assets/Scenes/Myles Tower Scene/LightingData.asset using Guid(09c7f35219cdffb42b45d15ca3257985) Importer(815301076,1909f56bfc062723c751e8b465ee728b)  -> (artifact id: 'f8f2fcc41a4d4478d7450d8df7b0f31f') in 0.001846 seconds
  Import took 0.005235 seconds .

========================================================================
Received Import Request.
  Time since last request: 129.074850 seconds.
  path: Assets/Scenes/Myles Tower Scene/LightingData.asset
  artifactKey: Guid(09c7f35219cdffb42b45d15ca3257985) Importer(815301076,1909f56bfc062723c751e8b465ee728b)
Start importing Assets/Scenes/Myles Tower Scene/LightingData.asset using Guid(09c7f35219cdffb42b45d15ca3257985) Importer(815301076,1909f56bfc062723c751e8b465ee728b)  -> (artifact id: '0154b776cedbcdf86190dccd683b05f8') in 0.001763 seconds
  Import took 0.005168 seconds .

========================================================================
Received Import Request.
  Time since last request: 0.000142 seconds.
  path: Assets/Scenes/Myles Tower Scene/Lightmap-0_comp_dir.png
  artifactKey: Guid(26d158afc345d6549bb38292ffdb88d3) Importer(815301076,1909f56bfc062723c751e8b465ee728b)
Start importing Assets/Scenes/Myles Tower Scene/Lightmap-0_comp_dir.png using Guid(26d158afc345d6549bb38292ffdb88d3) Importer(815301076,1909f56bfc062723c751e8b465ee728b)  -> (artifact id: '20500cbbf00f51bd19df4bec6f05fa91') in 0.011532 seconds
  Import took 0.015206 seconds .

========================================================================
Received Import Request.
  Time since last request: 0.000222 seconds.
  path: Assets/Scenes/Myles Tower Scene/Lightmap-0_comp_light.exr
  artifactKey: Guid(5fe43ecc8bf82d0448fbde25ba8db31a) Importer(815301076,1909f56bfc062723c751e8b465ee728b)
Start importing Assets/Scenes/Myles Tower Scene/Lightmap-0_comp_light.exr using Guid(5fe43ecc8bf82d0448fbde25ba8db31a) Importer(815301076,1909f56bfc062723c751e8b465ee728b)  -> (artifact id: '1214820d86fc2d6c5fa5e272279d6983') in 0.012582 seconds
  Import took 0.016538 seconds .

========================================================================
Received Import Request.
  Time since last request: 0.000185 seconds.
  path: Assets/Scenes/Myles Tower Scene/Lightmap-1_comp_light.exr
  artifactKey: Guid(a2339aa2530094e478962ca8e5398fa0) Importer(815301076,1909f56bfc062723c751e8b465ee728b)
Start importing Assets/Scenes/Myles Tower Scene/Lightmap-1_comp_light.exr using Guid(a2339aa2530094e478962ca8e5398fa0) Importer(815301076,1909f56bfc062723c751e8b465ee728b)  -> (artifact id: 'a3ed4b3e7ef4a30f8e48d92485da28c6') in 0.009259 seconds
  Import took 0.012462 seconds .

========================================================================
Received Import Request.
  Time since last request: 0.000197 seconds.
  path: Assets/Scenes/Myles Tower Scene/Lightmap-1_comp_dir.png
  artifactKey: Guid(89bcab420680f384eb0f399686257245) Importer(815301076,1909f56bfc062723c751e8b465ee728b)
Start importing Assets/Scenes/Myles Tower Scene/Lightmap-1_comp_dir.png using Guid(89bcab420680f384eb0f399686257245) Importer(815301076,1909f56bfc062723c751e8b465ee728b)  -> (artifact id: '78565daf5381cc7f811e41fe361453f5') in 0.008721 seconds
  Import took 0.012140 seconds .

========================================================================
Received Import Request.
  Time since last request: 81.434882 seconds.
  path: Assets/Scenes/Myles Tower Scene/Lightmap-0_comp_dir.png
  artifactKey: Guid(26d158afc345d6549bb38292ffdb88d3) Importer(815301076,1909f56bfc062723c751e8b465ee728b)
Start importing Assets/Scenes/Myles Tower Scene/Lightmap-0_comp_dir.png using Guid(26d158afc345d6549bb38292ffdb88d3) Importer(815301076,1909f56bfc062723c751e8b465ee728b)  -> (artifact id: 'af5807412bb4d7317ff22b54ebc2d592') in 0.008895 seconds
  Import took 0.013307 seconds .

========================================================================
Received Import Request.
  Time since last request: 0.000205 seconds.
  path: Assets/Scenes/Myles Tower Scene/Lightmap-0_comp_light.exr
  artifactKey: Guid(5fe43ecc8bf82d0448fbde25ba8db31a) Importer(815301076,1909f56bfc062723c751e8b465ee728b)
Start importing Assets/Scenes/Myles Tower Scene/Lightmap-0_comp_light.exr using Guid(5fe43ecc8bf82d0448fbde25ba8db31a) Importer(815301076,1909f56bfc062723c751e8b465ee728b)  -> (artifact id: '02efaa0aa2af72fe56f98183bac80542') in 0.010128 seconds
  Import took 0.013910 seconds .

========================================================================
Received Import Request.
  Time since last request: 0.000218 seconds.
  path: Assets/Scenes/Myles Tower Scene/Lightmap-0_comp_dir.png
  artifactKey: Guid(26d158afc345d6549bb38292ffdb88d3) Importer(815301076,1909f56bfc062723c751e8b465ee728b)
Start importing Assets/Scenes/Myles Tower Scene/Lightmap-0_comp_dir.png using Guid(26d158afc345d6549bb38292ffdb88d3) Importer(815301076,1909f56bfc062723c751e8b465ee728b)  -> (artifact id: 'af5807412bb4d7317ff22b54ebc2d592') in 0.008230 seconds
  Import took 0.011323 seconds .

========================================================================
Received Import Request.
  Time since last request: 0.000169 seconds.
  path: Assets/Scenes/Myles Tower Scene/Lightmap-0_comp_light.exr
  artifactKey: Guid(5fe43ecc8bf82d0448fbde25ba8db31a) Importer(815301076,1909f56bfc062723c751e8b465ee728b)
Start importing Assets/Scenes/Myles Tower Scene/Lightmap-0_comp_light.exr using Guid(5fe43ecc8bf82d0448fbde25ba8db31a) Importer(815301076,1909f56bfc062723c751e8b465ee728b)  -> (artifact id: '02efaa0aa2af72fe56f98183bac80542') in 0.010248 seconds
  Import took 0.014092 seconds .

========================================================================
Received Import Request.
  Time since last request: 0.000182 seconds.
  path: Assets/Scenes/Myles Tower Scene/Lightmap-1_comp_light.exr
  artifactKey: Guid(a2339aa2530094e478962ca8e5398fa0) Importer(815301076,1909f56bfc062723c751e8b465ee728b)
Start importing Assets/Scenes/Myles Tower Scene/Lightmap-1_comp_light.exr using Guid(a2339aa2530094e478962ca8e5398fa0) Importer(815301076,1909f56bfc062723c751e8b465ee728b)  -> (artifact id: '62dde3aa7279bbe6906e5caa3e720ced') in 0.009427 seconds
  Import took 0.012793 seconds .

========================================================================
Received Import Request.
  Time since last request: 0.000168 seconds.
  path: Assets/Scenes/Myles Tower Scene/Lightmap-1_comp_dir.png
  artifactKey: Guid(89bcab420680f384eb0f399686257245) Importer(815301076,1909f56bfc062723c751e8b465ee728b)
Start importing Assets/Scenes/Myles Tower Scene/Lightmap-1_comp_dir.png using Guid(89bcab420680f384eb0f399686257245) Importer(815301076,1909f56bfc062723c751e8b465ee728b)  -> (artifact id: 'e3dc1102ba0e6be6f2f3e12cb3110f43') in 0.008981 seconds
  Import took 0.012436 seconds .

========================================================================
Received Import Request.
  Time since last request: 719.916452 seconds.
  path: Assets/Scenes/Myles Tower Scene/Lightmap-0_comp_dir.png
  artifactKey: Guid(26d158afc345d6549bb38292ffdb88d3) Importer(815301076,1909f56bfc062723c751e8b465ee728b)
Start importing Assets/Scenes/Myles Tower Scene/Lightmap-0_comp_dir.png using Guid(26d158afc345d6549bb38292ffdb88d3) Importer(815301076,1909f56bfc062723c751e8b465ee728b)  -> (artifact id: '3c08bc16b0e71e77f7cec96e2b3297c1') in 0.010127 seconds
  Import took 0.014543 seconds .

========================================================================
Received Import Request.
  Time since last request: 0.000186 seconds.
  path: Assets/Scenes/Myles Tower Scene/Lightmap-0_comp_light.exr
  artifactKey: Guid(5fe43ecc8bf82d0448fbde25ba8db31a) Importer(815301076,1909f56bfc062723c751e8b465ee728b)
Start importing Assets/Scenes/Myles Tower Scene/Lightmap-0_comp_light.exr using Guid(5fe43ecc8bf82d0448fbde25ba8db31a) Importer(815301076,1909f56bfc062723c751e8b465ee728b)  -> (artifact id: 'f29fd66122ea5b7fdad0ee5d6b40aec1') in 0.008592 seconds
  Import took 0.011922 seconds .

========================================================================
Received Import Request.
  Time since last request: 0.000185 seconds.
  path: Assets/Scenes/Myles Tower Scene/Lightmap-1_comp_light.exr
  artifactKey: Guid(a2339aa2530094e478962ca8e5398fa0) Importer(815301076,1909f56bfc062723c751e8b465ee728b)
Start importing Assets/Scenes/Myles Tower Scene/Lightmap-1_comp_light.exr using Guid(a2339aa2530094e478962ca8e5398fa0) Importer(815301076,1909f56bfc062723c751e8b465ee728b)  -> (artifact id: 'c6d0d60c85911b67f649caf8504922fc') in 0.008202 seconds
  Import took 0.011753 seconds .

========================================================================
Received Import Request.
  Time since last request: 0.000156 seconds.
  path: Assets/Scenes/Myles Tower Scene/Lightmap-1_comp_dir.png
  artifactKey: Guid(89bcab420680f384eb0f399686257245) Importer(815301076,1909f56bfc062723c751e8b465ee728b)
Start importing Assets/Scenes/Myles Tower Scene/Lightmap-1_comp_dir.png using Guid(89bcab420680f384eb0f399686257245) Importer(815301076,1909f56bfc062723c751e8b465ee728b)  -> (artifact id: 'f36cc351906c311313f02bf120004d81') in 0.008178 seconds
  Import took 0.011365 seconds .

========================================================================
Received Import Request.
  Time since last request: 110.963744 seconds.
  path: Assets/Scenes/Myles Tower Scene/LightingData.asset
  artifactKey: Guid(09c7f35219cdffb42b45d15ca3257985) Importer(815301076,1909f56bfc062723c751e8b465ee728b)
Start importing Assets/Scenes/Myles Tower Scene/LightingData.asset using Guid(09c7f35219cdffb42b45d15ca3257985) Importer(815301076,1909f56bfc062723c751e8b465ee728b)  -> (artifact id: 'cb20048bf3c4dd496e24618b1df2e65c') in 0.005490 seconds
  Import took 0.009545 seconds .

========================================================================
Received Import Request.
  Time since last request: 0.000174 seconds.
  path: Assets/Scenes/Myles Tower Scene/Lightmap-0_comp_dir.png
  artifactKey: Guid(26d158afc345d6549bb38292ffdb88d3) Importer(815301076,1909f56bfc062723c751e8b465ee728b)
Start importing Assets/Scenes/Myles Tower Scene/Lightmap-0_comp_dir.png using Guid(26d158afc345d6549bb38292ffdb88d3) Importer(815301076,1909f56bfc062723c751e8b465ee728b)  -> (artifact id: '08edcf67d51354bbff6ce2413268c344') in 0.009221 seconds
  Import took 0.012811 seconds .

========================================================================
Received Import Request.
  Time since last request: 0.000170 seconds.
  path: Assets/Scenes/Myles Tower Scene/Lightmap-0_comp_light.exr
  artifactKey: Guid(5fe43ecc8bf82d0448fbde25ba8db31a) Importer(815301076,1909f56bfc062723c751e8b465ee728b)
Start importing Assets/Scenes/Myles Tower Scene/Lightmap-0_comp_light.exr using Guid(5fe43ecc8bf82d0448fbde25ba8db31a) Importer(815301076,1909f56bfc062723c751e8b465ee728b)  -> (artifact id: '34cc13e4eec12f5cc16137cf46b26705') in 0.010005 seconds
  Import took 0.013516 seconds .

========================================================================
Received Import Request.
  Time since last request: 0.000163 seconds.
  path: Assets/Scenes/Myles Tower Scene/Lightmap-1_comp_light.exr
  artifactKey: Guid(a2339aa2530094e478962ca8e5398fa0) Importer(815301076,1909f56bfc062723c751e8b465ee728b)
Start importing Assets/Scenes/Myles Tower Scene/Lightmap-1_comp_light.exr using Guid(a2339aa2530094e478962ca8e5398fa0) Importer(815301076,1909f56bfc062723c751e8b465ee728b)  -> (artifact id: 'a1f52f3f30db94ce87eb5dc684c854ed') in 0.008562 seconds
  Import took 0.011783 seconds .

========================================================================
Received Import Request.
  Time since last request: 0.000186 seconds.
  path: Assets/Scenes/Myles Tower Scene/LightingData.asset
  artifactKey: Guid(09c7f35219cdffb42b45d15ca3257985) Importer(815301076,1909f56bfc062723c751e8b465ee728b)
Start importing Assets/Scenes/Myles Tower Scene/LightingData.asset using Guid(09c7f35219cdffb42b45d15ca3257985) Importer(815301076,1909f56bfc062723c751e8b465ee728b)  -> (artifact id: 'cb20048bf3c4dd496e24618b1df2e65c') in 0.001655 seconds
  Import took 0.005184 seconds .

========================================================================
Received Import Request.
  Time since last request: 0.000146 seconds.
  path: Assets/Scenes/Myles Tower Scene/Lightmap-1_comp_dir.png
  artifactKey: Guid(89bcab420680f384eb0f399686257245) Importer(815301076,1909f56bfc062723c751e8b465ee728b)
Start importing Assets/Scenes/Myles Tower Scene/Lightmap-1_comp_dir.png using Guid(89bcab420680f384eb0f399686257245) Importer(815301076,1909f56bfc062723c751e8b465ee728b)  -> (artifact id: 'ce054fcdb4c6f2d4a71c5ee453b3204b') in 0.007989 seconds
  Import took 0.011147 seconds .

========================================================================
Received Import Request.
  Time since last request: 357.160977 seconds.
  path: Assets/Scenes/Myles Tower Scene/LightingData.asset
  artifactKey: Guid(09c7f35219cdffb42b45d15ca3257985) Importer(815301076,1909f56bfc062723c751e8b465ee728b)
Start importing Assets/Scenes/Myles Tower Scene/LightingData.asset using Guid(09c7f35219cdffb42b45d15ca3257985) Importer(815301076,1909f56bfc062723c751e8b465ee728b)  -> (artifact id: '2d6021d830a14ef22bba394e232cc673') in 0.001844 seconds
  Import took 0.005467 seconds .

========================================================================
Received Import Request.
  Time since last request: 0.000201 seconds.
  path: Assets/Scenes/Myles Tower Scene/Lightmap-0_comp_dir.png
  artifactKey: Guid(26d158afc345d6549bb38292ffdb88d3) Importer(815301076,1909f56bfc062723c751e8b465ee728b)
Start importing Assets/Scenes/Myles Tower Scene/Lightmap-0_comp_dir.png using Guid(26d158afc345d6549bb38292ffdb88d3) Importer(815301076,1909f56bfc062723c751e8b465ee728b)  -> (artifact id: 'fb3a0e23144cc2c4fa016a4f49957ca7') in 0.009549 seconds
  Import took 0.013276 seconds .

========================================================================
Received Import Request.
  Time since last request: 0.000152 seconds.
  path: Assets/Scenes/Myles Tower Scene/Lightmap-0_comp_light.exr
  artifactKey: Guid(5fe43ecc8bf82d0448fbde25ba8db31a) Importer(815301076,1909f56bfc062723c751e8b465ee728b)
Start importing Assets/Scenes/Myles Tower Scene/Lightmap-0_comp_light.exr using Guid(5fe43ecc8bf82d0448fbde25ba8db31a) Importer(815301076,1909f56bfc062723c751e8b465ee728b)  -> (artifact id: 'a5932a806545462264edfeece8464613') in 0.010027 seconds
  Import took 0.013499 seconds .

========================================================================
Received Import Request.
  Time since last request: 0.000169 seconds.
  path: Assets/Scenes/Myles Tower Scene/Lightmap-1_comp_light.exr
  artifactKey: Guid(a2339aa2530094e478962ca8e5398fa0) Importer(815301076,1909f56bfc062723c751e8b465ee728b)
Start importing Assets/Scenes/Myles Tower Scene/Lightmap-1_comp_light.exr using Guid(a2339aa2530094e478962ca8e5398fa0) Importer(815301076,1909f56bfc062723c751e8b465ee728b)  -> (artifact id: '9d480f5295cc6bb07b293683ad94ff99') in 0.007380 seconds
  Import took 0.010438 seconds .

========================================================================
Received Import Request.
  Time since last request: 0.000198 seconds.
  path: Assets/Scenes/Myles Tower Scene/Lightmap-0_comp_light.exr
  artifactKey: Guid(5fe43ecc8bf82d0448fbde25ba8db31a) Importer(815301076,1909f56bfc062723c751e8b465ee728b)
Start importing Assets/Scenes/Myles Tower Scene/Lightmap-0_comp_light.exr using Guid(5fe43ecc8bf82d0448fbde25ba8db31a) Importer(815301076,1909f56bfc062723c751e8b465ee728b)  -> (artifact id: 'a5932a806545462264edfeece8464613') in 0.009098 seconds
  Import took 0.012875 seconds .

========================================================================
Received Import Request.
  Time since last request: 0.000161 seconds.
  path: Assets/Scenes/Myles Tower Scene/Lightmap-1_comp_dir.png
  artifactKey: Guid(89bcab420680f384eb0f399686257245) Importer(815301076,1909f56bfc062723c751e8b465ee728b)
Start importing Assets/Scenes/Myles Tower Scene/Lightmap-1_comp_dir.png using Guid(89bcab420680f384eb0f399686257245) Importer(815301076,1909f56bfc062723c751e8b465ee728b)  -> (artifact id: 'fbb2c94161fb412cf6711b60bc94e725') in 0.007882 seconds
  Import took 0.011070 seconds .

========================================================================
Received Import Request.
  Time since last request: 597.005252 seconds.
  path: Assets/Scenes/Myles Tower Scene/LightingData.asset
  artifactKey: Guid(09c7f35219cdffb42b45d15ca3257985) Importer(815301076,1909f56bfc062723c751e8b465ee728b)
Start importing Assets/Scenes/Myles Tower Scene/LightingData.asset using Guid(09c7f35219cdffb42b45d15ca3257985) Importer(815301076,1909f56bfc062723c751e8b465ee728b)  -> (artifact id: '262ea87384bde3c71c37e1b4d33c65ad') in 0.002035 seconds
  Import took 0.006420 seconds .

========================================================================
Received Import Request.
  Time since last request: 0.000191 seconds.
  path: Assets/Scenes/Myles Tower Scene/Lightmap-0_comp_dir.png
  artifactKey: Guid(26d158afc345d6549bb38292ffdb88d3) Importer(815301076,1909f56bfc062723c751e8b465ee728b)
Start importing Assets/Scenes/Myles Tower Scene/Lightmap-0_comp_dir.png using Guid(26d158afc345d6549bb38292ffdb88d3) Importer(815301076,1909f56bfc062723c751e8b465ee728b)  -> (artifact id: 'f7c93d0255fb600d8044d9c5e1fc369b') in 0.008805 seconds
  Import took 0.012421 seconds .

========================================================================
Received Import Request.
  Time since last request: 0.000162 seconds.
  path: Assets/Scenes/Myles Tower Scene/Lightmap-0_comp_light.exr
  artifactKey: Guid(5fe43ecc8bf82d0448fbde25ba8db31a) Importer(815301076,1909f56bfc062723c751e8b465ee728b)
Start importing Assets/Scenes/Myles Tower Scene/Lightmap-0_comp_light.exr using Guid(5fe43ecc8bf82d0448fbde25ba8db31a) Importer(815301076,1909f56bfc062723c751e8b465ee728b)  -> (artifact id: '015f8ef2a432b9d9efc733bbed6dab5a') in 0.008851 seconds
  Import took 0.011911 seconds .

========================================================================
Received Import Request.
  Time since last request: 0.000186 seconds.
  path: Assets/Scenes/Myles Tower Scene/Lightmap-1_comp_light.exr
  artifactKey: Guid(a2339aa2530094e478962ca8e5398fa0) Importer(815301076,1909f56bfc062723c751e8b465ee728b)
Start importing Assets/Scenes/Myles Tower Scene/Lightmap-1_comp_light.exr using Guid(a2339aa2530094e478962ca8e5398fa0) Importer(815301076,1909f56bfc062723c751e8b465ee728b)  -> (artifact id: 'cb7da5e05a0499df4263ac4cb3495c6f') in 0.007696 seconds
  Import took 0.011325 seconds .

========================================================================
Received Import Request.
  Time since last request: 0.000151 seconds.
  path: Assets/Scenes/Myles Tower Scene/LightingData.asset
  artifactKey: Guid(09c7f35219cdffb42b45d15ca3257985) Importer(815301076,1909f56bfc062723c751e8b465ee728b)
Start importing Assets/Scenes/Myles Tower Scene/LightingData.asset using Guid(09c7f35219cdffb42b45d15ca3257985) Importer(815301076,1909f56bfc062723c751e8b465ee728b)  -> (artifact id: '262ea87384bde3c71c37e1b4d33c65ad') in 0.001640 seconds
  Import took 0.004341 seconds .

========================================================================
Received Import Request.
  Time since last request: 0.000150 seconds.
  path: Assets/Scenes/Myles Tower Scene/Lightmap-1_comp_dir.png
  artifactKey: Guid(89bcab420680f384eb0f399686257245) Importer(815301076,1909f56bfc062723c751e8b465ee728b)
Start importing Assets/Scenes/Myles Tower Scene/Lightmap-1_comp_dir.png using Guid(89bcab420680f384eb0f399686257245) Importer(815301076,1909f56bfc062723c751e8b465ee728b)  -> (artifact id: 'b6185d0089f80763bdc88870de9a0b3d') in 0.007944 seconds
  Import took 0.010794 seconds .

========================================================================
Received Import Request.
  Time since last request: 285.729554 seconds.
  path: Assets/Materials/Stair.mat
  artifactKey: Guid(ede0a36aea5be0c43970160eb3541eef) Importer(815301076,1909f56bfc062723c751e8b465ee728b)
Start importing Assets/Materials/Stair.mat using Guid(ede0a36aea5be0c43970160eb3541eef) Importer(815301076,1909f56bfc062723c751e8b465ee728b)  -> (artifact id: '3d7fb28d26b022831c92bb608c3c53ef') in 0.011469 seconds
  Import took 0.015819 seconds .

========================================================================
Received Import Request.
  Time since last request: 81.310671 seconds.
  path: Assets/Prefab/Candle.fbx
  artifactKey: Guid(f49a7db74c86ea948b1b2d148f81861e) Importer(815301076,1909f56bfc062723c751e8b465ee728b)
Start importing Assets/Prefab/Candle.fbx using Guid(f49a7db74c86ea948b1b2d148f81861e) Importer(815301076,1909f56bfc062723c751e8b465ee728b)  -> (artifact id: '0e6680a104014810d440caa39bc71ebd') in 0.015002 seconds
  Import took 0.019060 seconds .

========================================================================
Received Import Request.
  Time since last request: 570.484419 seconds.
  path: Assets/Materials/Stair.mat
  artifactKey: Guid(ede0a36aea5be0c43970160eb3541eef) Importer(815301076,1909f56bfc062723c751e8b465ee728b)
Start importing Assets/Materials/Stair.mat using Guid(ede0a36aea5be0c43970160eb3541eef) Importer(815301076,1909f56bfc062723c751e8b465ee728b)  -> (artifact id: '2c2e5997f8ee200ac4e94f736f409ff2') in 0.010082 seconds
  Import took 0.014355 seconds .

========================================================================
Received Import Request.
  Time since last request: 1676.097316 seconds.
  path: Assets/Prefab/roof.fbx
  artifactKey: Guid(86ec12c4d601d0b44b7669c8ee7c9731) Importer(815301076,1909f56bfc062723c751e8b465ee728b)
Start importing Assets/Prefab/roof.fbx using Guid(86ec12c4d601d0b44b7669c8ee7c9731) Importer(815301076,1909f56bfc062723c751e8b465ee728b)  -> (artifact id: '6372d8f2c298076297ad5b11557fbf6e') in 0.020511 seconds
  Import took 0.024835 seconds .

========================================================================
Received Import Request.
  Time since last request: 103.622101 seconds.
  path: Assets/Prefab/roof.fbx
  artifactKey: Guid(86ec12c4d601d0b44b7669c8ee7c9731) Importer(815301076,1909f56bfc062723c751e8b465ee728b)
Start importing Assets/Prefab/roof.fbx using Guid(86ec12c4d601d0b44b7669c8ee7c9731) Importer(815301076,1909f56bfc062723c751e8b465ee728b)  -> (artifact id: 'ac0b475f81d9a7227a361fb3650ee83d') in 0.017149 seconds
  Import took 0.021066 seconds .

========================================================================
Received Import Request.
  Time since last request: 45.557815 seconds.
  path: Assets/Prefab/roof.fbx
  artifactKey: Guid(86ec12c4d601d0b44b7669c8ee7c9731) Importer(815301076,1909f56bfc062723c751e8b465ee728b)
Start importing Assets/Prefab/roof.fbx using Guid(86ec12c4d601d0b44b7669c8ee7c9731) Importer(815301076,1909f56bfc062723c751e8b465ee728b)  -> (artifact id: '1d6b9cb978d251b6bc587edac703b4ff') in 0.023023 seconds
  Import took 0.027392 seconds .

========================================================================
Received Import Request.
  Time since last request: 218.872190 seconds.
  path: Assets/Prefab/roof1.fbx
  artifactKey: Guid(765c3aaff223bac44b5d316858874687) Importer(815301076,1909f56bfc062723c751e8b465ee728b)
Start importing Assets/Prefab/roof1.fbx using Guid(765c3aaff223bac44b5d316858874687) Importer(815301076,1909f56bfc062723c751e8b465ee728b)  -> (artifact id: 'bc21d38fc772fad3714d70a0080f8952') in 0.018903 seconds
  Import took 0.023288 seconds .

========================================================================
Received Import Request.
  Time since last request: 15.333180 seconds.
  path: Assets/Prefab/roof1.fbx
  artifactKey: Guid(765c3aaff223bac44b5d316858874687) Importer(815301076,1909f56bfc062723c751e8b465ee728b)
Start importing Assets/Prefab/roof1.fbx using Guid(765c3aaff223bac44b5d316858874687) Importer(815301076,1909f56bfc062723c751e8b465ee728b)  -> (artifact id: '733d01bb36b1a0a216216d9cf404bc27') in 0.014839 seconds
  Import took 0.018736 seconds .

========================================================================
Received Import Request.
  Time since last request: 0.000662 seconds.
  path: Assets/Prefab/roof1.fbx
  artifactKey: Guid(765c3aaff223bac44b5d316858874687) Importer(815301076,1909f56bfc062723c751e8b465ee728b)
Start importing Assets/Prefab/roof1.fbx using Guid(765c3aaff223bac44b5d316858874687) Importer(815301076,1909f56bfc062723c751e8b465ee728b)  -> (artifact id: '733d01bb36b1a0a216216d9cf404bc27') in 0.014792 seconds
  Import took 0.018729 seconds .

========================================================================
Received Import Request.
  Time since last request: 115.638144 seconds.
  path: Assets/Prefab/roof1.fbx
  artifactKey: Guid(765c3aaff223bac44b5d316858874687) Importer(815301076,1909f56bfc062723c751e8b465ee728b)
Start importing Assets/Prefab/roof1.fbx using Guid(765c3aaff223bac44b5d316858874687) Importer(815301076,1909f56bfc062723c751e8b465ee728b)  -> (artifact id: '5b12b92e2acb692c3fe04abb6317f1a1') in 0.016435 seconds
  Import took 0.020651 seconds .

========================================================================
Received Import Request.
  Time since last request: 0.000434 seconds.
  path: Assets/Prefab/roof1.fbx
  artifactKey: Guid(765c3aaff223bac44b5d316858874687) Importer(815301076,1909f56bfc062723c751e8b465ee728b)
Start importing Assets/Prefab/roof1.fbx using Guid(765c3aaff223bac44b5d316858874687) Importer(815301076,1909f56bfc062723c751e8b465ee728b)  -> (artifact id: '5b12b92e2acb692c3fe04abb6317f1a1') in 0.016739 seconds
  Import took 0.020481 seconds .

========================================================================
Received Import Request.
  Time since last request: 6.824792 seconds.
  path: Assets/Prefab/roof1.fbx
  artifactKey: Guid(765c3aaff223bac44b5d316858874687) Importer(815301076,1909f56bfc062723c751e8b465ee728b)
Start importing Assets/Prefab/roof1.fbx using Guid(765c3aaff223bac44b5d316858874687) Importer(815301076,1909f56bfc062723c751e8b465ee728b)  -> (artifact id: '44f736a8a5774a706abba4cfd69f8c36') in 0.019284 seconds
  Import took 0.023697 seconds .

========================================================================
Received Import Request.
  Time since last request: 35.971752 seconds.
  path: Assets/Prefab/roof1.fbx
  artifactKey: Guid(765c3aaff223bac44b5d316858874687) Importer(815301076,1909f56bfc062723c751e8b465ee728b)
Start importing Assets/Prefab/roof1.fbx using Guid(765c3aaff223bac44b5d316858874687) Importer(815301076,1909f56bfc062723c751e8b465ee728b)  -> (artifact id: 'f1dff4f03902a7f3a666765744407a70') in 0.014082 seconds
  Import took 0.017969 seconds .

========================================================================
Received Import Request.
  Time since last request: 0.000670 seconds.
  path: Assets/Prefab/roof1.fbx
  artifactKey: Guid(765c3aaff223bac44b5d316858874687) Importer(815301076,1909f56bfc062723c751e8b465ee728b)
Start importing Assets/Prefab/roof1.fbx using Guid(765c3aaff223bac44b5d316858874687) Importer(815301076,1909f56bfc062723c751e8b465ee728b)  -> (artifact id: 'f1dff4f03902a7f3a666765744407a70') in 0.013986 seconds
  Import took 0.017408 seconds .

========================================================================
Received Import Request.
  Time since last request: 326.240473 seconds.
  path: Assets/Materials/Flame.mat
  artifactKey: Guid(7d5b2be803b4e9d40860e211aa13b7e7) Importer(815301076,1909f56bfc062723c751e8b465ee728b)
Start importing Assets/Materials/Flame.mat using Guid(7d5b2be803b4e9d40860e211aa13b7e7) Importer(815301076,1909f56bfc062723c751e8b465ee728b)  -> (artifact id: 'faa662a88b1cb71ae7c4d3c7b651b921') in 0.011347 seconds
  Import took 0.015784 seconds .

========================================================================
Received Import Request.
  Time since last request: 157.792738 seconds.
  path: Assets/Prefab/flame.prefab
  artifactKey: Guid(b82ce92dc1f6724468c71ca6249da93d) Importer(815301076,1909f56bfc062723c751e8b465ee728b)
Start importing Assets/Prefab/flame.prefab using Guid(b82ce92dc1f6724468c71ca6249da93d) Importer(815301076,1909f56bfc062723c751e8b465ee728b)  -> (artifact id: '4b981dcad7370bd08d8f09a377328498') in 0.012268 seconds
  Import took 0.016502 seconds .

========================================================================
Received Import Request.
  Time since last request: 0.008920 seconds.
  path: Assets/Prefab/flame.prefab
  artifactKey: Guid(b82ce92dc1f6724468c71ca6249da93d) Importer(815301076,1909f56bfc062723c751e8b465ee728b)
Start importing Assets/Prefab/flame.prefab using Guid(b82ce92dc1f6724468c71ca6249da93d) Importer(815301076,1909f56bfc062723c751e8b465ee728b)  -> (artifact id: '4b981dcad7370bd08d8f09a377328498') in 0.006442 seconds
  Import took 0.009621 seconds .

========================================================================
Received Import Request.
  Time since last request: 1550.819532 seconds.
  path: Assets/Prefab/FOR Exports
  artifactKey: Guid(152ebfd777dc27d4e868affdbba724d6) Importer(815301076,1909f56bfc062723c751e8b465ee728b)
Start importing Assets/Prefab/FOR Exports using Guid(152ebfd777dc27d4e868affdbba724d6) Importer(815301076,1909f56bfc062723c751e8b465ee728b)  -> (artifact id: 'a6b377cde385372bbe1ae58274582b60') in 0.005588 seconds
  Import took 0.009762 seconds .

========================================================================
Received Import Request.
  Time since last request: 9.987967 seconds.
  path: Assets/Prefab/FOR Exports/main room candle Variant.prefab
  artifactKey: Guid(c355fe50967158444b3a3ea291547e5b) Importer(815301076,1909f56bfc062723c751e8b465ee728b)
Start importing Assets/Prefab/FOR Exports/main room candle Variant.prefab using Guid(c355fe50967158444b3a3ea291547e5b) Importer(815301076,1909f56bfc062723c751e8b465ee728b)  -> (artifact id: '84fc5ebd818667981d800d5b2d140249') in 0.015286 seconds
  Import took 0.019267 seconds .

========================================================================
Received Import Request.
  Time since last request: 0.007168 seconds.
  path: Assets/Prefab/FOR Exports/main room candle Variant.prefab
  artifactKey: Guid(c355fe50967158444b3a3ea291547e5b) Importer(815301076,1909f56bfc062723c751e8b465ee728b)
Start importing Assets/Prefab/FOR Exports/main room candle Variant.prefab using Guid(c355fe50967158444b3a3ea291547e5b) Importer(815301076,1909f56bfc062723c751e8b465ee728b)  -> (artifact id: '84fc5ebd818667981d800d5b2d140249') in 0.008356 seconds
  Import took 0.012514 seconds .

========================================================================
Received Import Request.
  Time since last request: 624.451397 seconds.
  path: Assets/Prefab/landing.fbx
  artifactKey: Guid(d93432df8556f03498bc27eb060e1888) Importer(815301076,1909f56bfc062723c751e8b465ee728b)
Start importing Assets/Prefab/landing.fbx using Guid(d93432df8556f03498bc27eb060e1888) Importer(815301076,1909f56bfc062723c751e8b465ee728b)  -> (artifact id: '972acc62d70c28f58e1b82f287b22687') in 0.019668 seconds
  Import took 0.023869 seconds .

========================================================================
Received Import Request.
  Time since last request: 27.080337 seconds.
  path: Assets/Materials/Flame.mat
  artifactKey: Guid(7d5b2be803b4e9d40860e211aa13b7e7) Importer(815301076,1909f56bfc062723c751e8b465ee728b)
Start importing Assets/Materials/Flame.mat using Guid(7d5b2be803b4e9d40860e211aa13b7e7) Importer(815301076,1909f56bfc062723c751e8b465ee728b)  -> (artifact id: '5d04fa649ae30ad1b7ed193e154321bc') in 0.010639 seconds
  Import took 0.014426 seconds .

========================================================================
Received Import Request.
  Time since last request: 4.196732 seconds.
  path: Assets/Prefab/landing.fbx
  artifactKey: Guid(d93432df8556f03498bc27eb060e1888) Importer(815301076,1909f56bfc062723c751e8b465ee728b)
Start importing Assets/Prefab/landing.fbx using Guid(d93432df8556f03498bc27eb060e1888) Importer(815301076,1909f56bfc062723c751e8b465ee728b)  -> (artifact id: '4f3cc34bc2350e34f3c6a06970ff19a6') in 0.012457 seconds
  Import took 0.016416 seconds .

