Using pre-set license
Built from '2020.3/staging' branch; Version is '2020.3.9f1 (108be757e447) revision 1084391'; Using compiler version '192528614'; Build Type 'Release'
OS: 'Windows 10 Pro; OS build 19041.1348; Version 2004; 64bit' Language: 'en' Physical Memory: 16314 MB
BatchMode: 1, IsHumanControllingUs: 0, StartBugReporterOnCrash: 0, Is64bit: 1, IsPro: 0

 COMMAND LINE ARGUMENTS:
C:\Program Files\Unity\Hub\Editor\2020.3.9f1\Editor\Unity.exe
-adb2
-batchMode
-noUpm
-name
AssetImportWorker0
-projectPath
C:/Users/myles/Documents/GitHub/Myles_TowerScene
-logFile
Logs/AssetImportWorker0.log
-srvPort
57158
Successfully changed project path to: C:/Users/myles/Documents/GitHub/Myles_TowerScene
C:/Users/myles/Documents/GitHub/Myles_TowerScene
Using Asset Import Pipeline V2.
Refreshing native plugins compatible for Editor in 74.06 ms, found 0 plugins.
Preloading 0 native plugins for Editor in 0.00 ms.
Initialize engine version: 2020.3.9f1 (108be757e447)
[Subsystems] Discovering subsystems at path C:/Program Files/Unity/Hub/Editor/2020.3.9f1/Editor/Data/Resources/UnitySubsystems
[Subsystems] Discovering subsystems at path C:/Users/myles/Documents/GitHub/Myles_TowerScene/Assets
GfxDevice: creating device client; threaded=0
Direct3D:
    Version:  Direct3D 11.0 [level 11.1]
    Renderer: NVIDIA GeForce GTX 1050 Ti (ID=0x1c82)
    Vendor:   
    VRAM:     4018 MB
    Driver:   27.21.14.5671
Shader 'Universal Render Pipeline/Particles/Lit': fallback shader 'Universal Render Pipeline/Particles/SimpleLit' not found
Initialize mono
Mono path[0] = 'C:/Program Files/Unity/Hub/Editor/2020.3.9f1/Editor/Data/Managed'
Mono path[1] = 'C:/Program Files/Unity/Hub/Editor/2020.3.9f1/Editor/Data/MonoBleedingEdge/lib/mono/unityjit'
Mono config path = 'C:/Program Files/Unity/Hub/Editor/2020.3.9f1/Editor/Data/MonoBleedingEdge/etc'
Using monoOptions --debugger-agent=transport=dt_socket,embedding=1,server=y,suspend=n,address=127.0.0.1:56624
Begin MonoManager ReloadAssembly
Registering precompiled unity dll's ...
Register platform support module: C:/Program Files/Unity/Hub/Editor/2020.3.9f1/Editor/Data/PlaybackEngines/WindowsStandaloneSupport/UnityEditor.WindowsStandalone.Extensions.dll
Registered in 0.045692 seconds.
Native extension for WindowsStandalone target not found
Refreshing native plugins compatible for Editor in 52.88 ms, found 0 plugins.
Preloading 0 native plugins for Editor in 0.00 ms.
Mono: successfully reloaded assembly
- Completed reload, in  2.507 seconds
Platform modules already initialized, skipping
Registering precompiled user dll's ...
Registered in 0.008373 seconds.
Begin MonoManager ReloadAssembly
Native extension for WindowsStandalone target not found
Refreshing native plugins compatible for Editor in 55.26 ms, found 0 plugins.
Preloading 0 native plugins for Editor in 0.00 ms.
Mono: successfully reloaded assembly
- Completed reload, in  1.433 seconds
Platform modules already initialized, skipping
========================================================================
Worker process is ready to serve import requests
Shader 'Universal Render Pipeline/Particles/Lit': fallback shader 'Universal Render Pipeline/Particles/SimpleLit' not found
Launched and connected shader compiler UnityShaderCompiler.exe after 0.04 seconds
Refreshing native plugins compatible for Editor in 0.63 ms, found 0 plugins.
Preloading 0 native plugins for Editor in 0.00 ms.
Unloading 2420 Unused Serialized files (Serialized files now loaded: 0)
System memory in use before: 113.9 MB.
System memory in use after: 114.1 MB.

Unloading 10 unused Assets to reduce memory usage. Loaded Objects now: 2863.
Total: 2.708600 ms (FindLiveObjects: 0.348500 ms CreateObjectMapping: 0.089200 ms MarkObjects: 2.175000 ms  DeleteObjects: 0.094700 ms)

========================================================================
Received Import Request.
  path: Assets/Readme.asset
  artifactKey: Guid(83c2ed844a8c74b779a4c823d16594b1) Importer(815301076,1909f56bfc062723c751e8b465ee728b)
Start importing Assets/Readme.asset using Guid(83c2ed844a8c74b779a4c823d16594b1) Importer(815301076,1909f56bfc062723c751e8b465ee728b)  -> (artifact id: '7c3b9f17ff219922461d349995487975') in 0.061937 seconds
  Import took 0.066922 seconds .

========================================================================
Received Import Request.
  Time since last request: 1622.654743 seconds.
  path: Assets/Scenes/Myles Tower Scene.unity
  artifactKey: Guid(393b335c46188964fa27ac44882da0cd) Importer(815301076,1909f56bfc062723c751e8b465ee728b)
Start importing Assets/Scenes/Myles Tower Scene.unity using Guid(393b335c46188964fa27ac44882da0cd) Importer(815301076,1909f56bfc062723c751e8b465ee728b)  -> (artifact id: '00c54fade07adf854bed7756267af1a2') in 0.007112 seconds
  Import took 0.011109 seconds .

========================================================================
Received Import Request.
  Time since last request: 0.051876 seconds.
  path: Assets/Scenes/Myles Tower Scene.unity
  artifactKey: Guid(393b335c46188964fa27ac44882da0cd) Importer(815301076,1909f56bfc062723c751e8b465ee728b)
Start importing Assets/Scenes/Myles Tower Scene.unity using Guid(393b335c46188964fa27ac44882da0cd) Importer(815301076,1909f56bfc062723c751e8b465ee728b)  -> (artifact id: '00c54fade07adf854bed7756267af1a2') in 0.003788 seconds
  Import took 0.007918 seconds .

========================================================================
Received Import Request.
  Time since last request: 18.741690 seconds.
  path: Assets/Scenes
  artifactKey: Guid(4f9fc10e6a99d8146a1a9eaeb0318b10) Importer(815301076,1909f56bfc062723c751e8b465ee728b)
Start importing Assets/Scenes using Guid(4f9fc10e6a99d8146a1a9eaeb0318b10) Importer(815301076,1909f56bfc062723c751e8b465ee728b)  -> (artifact id: '8698c2339baa04f37ba1f88a4585c3f5') in 0.007959 seconds
  Import took 0.011766 seconds .

========================================================================
Received Import Request.
  Time since last request: 0.014790 seconds.
  path: Assets/Scenes
  artifactKey: Guid(4f9fc10e6a99d8146a1a9eaeb0318b10) Importer(815301076,1909f56bfc062723c751e8b465ee728b)
Start importing Assets/Scenes using Guid(4f9fc10e6a99d8146a1a9eaeb0318b10) Importer(815301076,1909f56bfc062723c751e8b465ee728b)  -> (artifact id: '8698c2339baa04f37ba1f88a4585c3f5') in 0.004508 seconds
  Import took 0.009006 seconds .

========================================================================
Received Import Request.
  Time since last request: 66.130700 seconds.
  path: Assets/Materials/Flame.mat
  artifactKey: Guid(7d5b2be803b4e9d40860e211aa13b7e7) Importer(815301076,1909f56bfc062723c751e8b465ee728b)
Start importing Assets/Materials/Flame.mat using Guid(7d5b2be803b4e9d40860e211aa13b7e7) Importer(815301076,1909f56bfc062723c751e8b465ee728b)  -> (artifact id: 'fda99c71d4098b3f8cbdd683e1e85fdf') in 1.268212 seconds
  Import took 1.272411 seconds .

========================================================================
Received Import Request.
  Time since last request: 0.000214 seconds.
  path: Assets/Materials/Glass.mat
  artifactKey: Guid(9f17671a77deb3a45b15830eb881260a) Importer(815301076,1909f56bfc062723c751e8b465ee728b)
Start importing Assets/Materials/Glass.mat using Guid(9f17671a77deb3a45b15830eb881260a) Importer(815301076,1909f56bfc062723c751e8b465ee728b)  -> (artifact id: '8fcd91d40ce4d1d8a9128f9d37ebe77c') in 0.253824 seconds
  Import took 0.257500 seconds .

========================================================================
Received Import Request.
  Time since last request: 0.000215 seconds.
  path: Assets/Materials/Stair.mat
  artifactKey: Guid(ede0a36aea5be0c43970160eb3541eef) Importer(815301076,1909f56bfc062723c751e8b465ee728b)
Start importing Assets/Materials/Stair.mat using Guid(ede0a36aea5be0c43970160eb3541eef) Importer(815301076,1909f56bfc062723c751e8b465ee728b)  -> (artifact id: '6af9b0cf6ccd039f33c3ceb7caa6f9a3') in 0.222089 seconds
  Import took 0.225577 seconds .

========================================================================
Received Import Request.
  Time since last request: 0.000269 seconds.
  path: Assets/Materials/Skybox_Mat.mat
  artifactKey: Guid(0ffaa0b7117ba8c47a9d05ae701d4b4d) Importer(815301076,1909f56bfc062723c751e8b465ee728b)
Start importing Assets/Materials/Skybox_Mat.mat using Guid(0ffaa0b7117ba8c47a9d05ae701d4b4d) Importer(815301076,1909f56bfc062723c751e8b465ee728b)  -> (artifact id: 'f1e587b2d9f39b4a8da249a6a8f56a44') in 0.299233 seconds
  Import took 0.303158 seconds .

========================================================================
Received Import Request.
  Time since last request: 0.000200 seconds.
  path: Assets/Materials/leather.mat
  artifactKey: Guid(ff87f42293ee5584b9024cd50fdb63db) Importer(815301076,1909f56bfc062723c751e8b465ee728b)
Start importing Assets/Materials/leather.mat using Guid(ff87f42293ee5584b9024cd50fdb63db) Importer(815301076,1909f56bfc062723c751e8b465ee728b)  -> (artifact id: 'ad41e30dc8f5a082bd7f2fc09ce1d137') in 0.031320 seconds
  Import took 0.034669 seconds .

========================================================================
Received Import Request.
  Time since last request: 0.345893 seconds.
  path: Assets/Materials/Book
  artifactKey: Guid(642344336792eb0459b56c2244732ee7) Importer(815301076,1909f56bfc062723c751e8b465ee728b)
Start importing Assets/Materials/Book using Guid(642344336792eb0459b56c2244732ee7) Importer(815301076,1909f56bfc062723c751e8b465ee728b)  -> (artifact id: 'a9d89a64bd7291ab2fe984ac5e3a31a5') in 0.017305 seconds
  Import took 0.021061 seconds .

========================================================================
Received Import Request.
  Time since last request: 0.040012 seconds.
  path: Assets/Materials/Book/Book.mat
  artifactKey: Guid(c15399fd23d3f4241bc5243493e10dd9) Importer(815301076,1909f56bfc062723c751e8b465ee728b)
Start importing Assets/Materials/Book/Book.mat using Guid(c15399fd23d3f4241bc5243493e10dd9) Importer(815301076,1909f56bfc062723c751e8b465ee728b)  -> (artifact id: '15b70203ea62fdd9916bc73311d4af05') in 0.378740 seconds
  Import took 0.383683 seconds .

========================================================================
Received Import Request.
  Time since last request: 0.000184 seconds.
  path: Assets/Materials/Book/Book_Checker 1024_MetallicSmoothness.png
  artifactKey: Guid(b35b6b4e0ec334e4eba0bb8c42bc33c0) Importer(815301076,1909f56bfc062723c751e8b465ee728b)
Start importing Assets/Materials/Book/Book_Checker 1024_MetallicSmoothness.png using Guid(b35b6b4e0ec334e4eba0bb8c42bc33c0) Importer(815301076,1909f56bfc062723c751e8b465ee728b)  -> (artifact id: 'b99a0b64fd299f59284c33ee64309e65') in 0.167077 seconds
  Import took 0.170567 seconds .

========================================================================
Received Import Request.
  Time since last request: 0.000185 seconds.
  path: Assets/Materials/Book/Book_Checker 1024_AlbedoTransparency.png
  artifactKey: Guid(6363f5f37b3d0d5439c9fff6e0a18711) Importer(815301076,1909f56bfc062723c751e8b465ee728b)
Start importing Assets/Materials/Book/Book_Checker 1024_AlbedoTransparency.png using Guid(6363f5f37b3d0d5439c9fff6e0a18711) Importer(815301076,1909f56bfc062723c751e8b465ee728b)  -> (artifact id: '6d0c38e83b4dc30140c4685c92f3c67f') in 0.013753 seconds
  Import took 0.017682 seconds .

========================================================================
Received Import Request.
  Time since last request: 0.000206 seconds.
  path: Assets/Materials/Book/Book_Checker 1024_Normal.png
  artifactKey: Guid(3b8349b7792fbda43a172be04e545dce) Importer(815301076,1909f56bfc062723c751e8b465ee728b)
Start importing Assets/Materials/Book/Book_Checker 1024_Normal.png using Guid(3b8349b7792fbda43a172be04e545dce) Importer(815301076,1909f56bfc062723c751e8b465ee728b)  -> (artifact id: 'b9ed995db3e5386b5c4cf2d22fc5443e') in 0.030895 seconds
  Import took 0.035953 seconds .

========================================================================
Received Import Request.
  Time since last request: 40.677728 seconds.
  path: Assets/Materials/Book/book 1_Checker 1024_AlbedoTransparency.png
  artifactKey: Guid(ad79c67169d8ae94f91dbfb634ffd28e) Importer(815301076,1909f56bfc062723c751e8b465ee728b)
Start importing Assets/Materials/Book/book 1_Checker 1024_AlbedoTransparency.png using Guid(ad79c67169d8ae94f91dbfb634ffd28e) Importer(815301076,1909f56bfc062723c751e8b465ee728b)  -> (artifact id: '23c1d4f3206a2fbc4ef965684ef0a044') in 0.013313 seconds
  Import took 0.017409 seconds .

========================================================================
Received Import Request.
  Time since last request: 0.000196 seconds.
  path: Assets/Materials/Book/book 1_Checker 1024_MetallicSmoothness.png
  artifactKey: Guid(124d153b756b8f9409e395de5b090242) Importer(815301076,1909f56bfc062723c751e8b465ee728b)
Start importing Assets/Materials/Book/book 1_Checker 1024_MetallicSmoothness.png using Guid(124d153b756b8f9409e395de5b090242) Importer(815301076,1909f56bfc062723c751e8b465ee728b)  -> (artifact id: 'e7441d2d9b844c46a2fd4b80fc2215cd') in 0.013813 seconds
  Import took 0.017665 seconds .

========================================================================
Received Import Request.
  Time since last request: 0.000205 seconds.
  path: Assets/Materials/Book/book 1_Checker 1024_Normal.png
  artifactKey: Guid(79f73fc3caf33c146bf392ad667f6287) Importer(815301076,1909f56bfc062723c751e8b465ee728b)
Start importing Assets/Materials/Book/book 1_Checker 1024_Normal.png using Guid(79f73fc3caf33c146bf392ad667f6287) Importer(815301076,1909f56bfc062723c751e8b465ee728b)  -> (artifact id: '35c19382834256ee3f6602d64a356703') in 0.011977 seconds
  Import took 0.015549 seconds .

========================================================================
Received Import Request.
  Time since last request: 6.112640 seconds.
  path: Assets/Materials/Book/Book2_Checker 1024_AlbedoTransparency.png
  artifactKey: Guid(db8a53ad2e5893d41b94b5392d8e4dbd) Importer(815301076,1909f56bfc062723c751e8b465ee728b)
Start importing Assets/Materials/Book/Book2_Checker 1024_AlbedoTransparency.png using Guid(db8a53ad2e5893d41b94b5392d8e4dbd) Importer(815301076,1909f56bfc062723c751e8b465ee728b)  -> (artifact id: '82f544189a309dd8f5798ae55b59ef77') in 0.014429 seconds
  Import took 0.019182 seconds .

========================================================================
Received Import Request.
  Time since last request: 0.000209 seconds.
  path: Assets/Materials/Book/Book3_Checker 1024_AlbedoTransparency.png
  artifactKey: Guid(e33033221050146459975108666f60bd) Importer(815301076,1909f56bfc062723c751e8b465ee728b)
Start importing Assets/Materials/Book/Book3_Checker 1024_AlbedoTransparency.png using Guid(e33033221050146459975108666f60bd) Importer(815301076,1909f56bfc062723c751e8b465ee728b)  -> (artifact id: '3f7977db2924acd0c35da1215ab94457') in 0.012497 seconds
  Import took 0.015946 seconds .

========================================================================
Received Import Request.
  Time since last request: 0.000207 seconds.
  path: Assets/Materials/Book/Book3_Checker 1024_Normal.png
  artifactKey: Guid(d3b7f4182b9b5174189568e8d5e99f73) Importer(815301076,1909f56bfc062723c751e8b465ee728b)
Start importing Assets/Materials/Book/Book3_Checker 1024_Normal.png using Guid(d3b7f4182b9b5174189568e8d5e99f73) Importer(815301076,1909f56bfc062723c751e8b465ee728b)  -> (artifact id: 'ebe157442e31755a51c961cd22bc307f') in 0.011128 seconds
  Import took 0.014497 seconds .

========================================================================
Received Import Request.
  Time since last request: 0.000210 seconds.
  path: Assets/Materials/Book/Book3_Checker 1024_MetallicSmoothness.png
  artifactKey: Guid(95c582ef80fa88e43a53ea77b206a1aa) Importer(815301076,1909f56bfc062723c751e8b465ee728b)
Start importing Assets/Materials/Book/Book3_Checker 1024_MetallicSmoothness.png using Guid(95c582ef80fa88e43a53ea77b206a1aa) Importer(815301076,1909f56bfc062723c751e8b465ee728b)  -> (artifact id: '220193acd985cddc8858ff463d5591f5') in 0.012559 seconds
  Import took 0.016634 seconds .

========================================================================
Received Import Request.
  Time since last request: 0.000328 seconds.
  path: Assets/Materials/Book/Book2_Checker 1024_Normal.png
  artifactKey: Guid(b379f2081b3a33e4e97f5cac13477fa6) Importer(815301076,1909f56bfc062723c751e8b465ee728b)
Start importing Assets/Materials/Book/Book2_Checker 1024_Normal.png using Guid(b379f2081b3a33e4e97f5cac13477fa6) Importer(815301076,1909f56bfc062723c751e8b465ee728b)  -> (artifact id: '5b7e1c356424208ddd1a1c6569c13e6b') in 0.011235 seconds
  Import took 0.028385 seconds .

========================================================================
Received Import Request.
  Time since last request: 0.000228 seconds.
  path: Assets/Materials/Book/Book2_Checker 1024_MetallicSmoothness.png
  artifactKey: Guid(4042b50945903aa4dbc75adf69bf2924) Importer(815301076,1909f56bfc062723c751e8b465ee728b)
Start importing Assets/Materials/Book/Book2_Checker 1024_MetallicSmoothness.png using Guid(4042b50945903aa4dbc75adf69bf2924) Importer(815301076,1909f56bfc062723c751e8b465ee728b)  -> (artifact id: 'ab711973e49fff23fde258e1d349b899') in 0.009897 seconds
  Import took 0.013309 seconds .

========================================================================
Received Import Request.
  Time since last request: 31.020849 seconds.
  path: Assets/Prefab/Book3 1.fbx
  artifactKey: Guid(bc9719d783020d74baa78ca82e3d7015) Importer(815301076,1909f56bfc062723c751e8b465ee728b)
Start importing Assets/Prefab/Book3 1.fbx using Guid(bc9719d783020d74baa78ca82e3d7015) Importer(815301076,1909f56bfc062723c751e8b465ee728b)  -> (artifact id: '33da89515ff1347821c85ed91861b0f4') in 0.523514 seconds
  Import took 0.527377 seconds .

========================================================================
Received Import Request.
  Time since last request: 0.000193 seconds.
  path: Assets/Prefab/Stairs3.fbx
  artifactKey: Guid(1e237cb6d32164c4795bcf66ad1ed545) Importer(815301076,1909f56bfc062723c751e8b465ee728b)
Start importing Assets/Prefab/Stairs3.fbx using Guid(1e237cb6d32164c4795bcf66ad1ed545) Importer(815301076,1909f56bfc062723c751e8b465ee728b)  -> (artifact id: '84600935be447873a7bd365ba691a6ee') in 0.016921 seconds
  Import took 0.020603 seconds .

========================================================================
Received Import Request.
  Time since last request: 0.000381 seconds.
  path: Assets/Prefab/Book3 4.fbx
  artifactKey: Guid(9b3e7c3e82e56e84b8d9b447c232ee2e) Importer(815301076,1909f56bfc062723c751e8b465ee728b)
Start importing Assets/Prefab/Book3 4.fbx using Guid(9b3e7c3e82e56e84b8d9b447c232ee2e) Importer(815301076,1909f56bfc062723c751e8b465ee728b)  -> (artifact id: '87ea06fe3977284e16a0cb24c8a3d39a') in 0.035465 seconds
  Import took 0.039297 seconds .

========================================================================
Received Import Request.
  Time since last request: 0.000296 seconds.
  path: Assets/Prefab/Globe.fbx
  artifactKey: Guid(93ca5570fbcb6fb45828249eb19d8129) Importer(815301076,1909f56bfc062723c751e8b465ee728b)
Start importing Assets/Prefab/Globe.fbx using Guid(93ca5570fbcb6fb45828249eb19d8129) Importer(815301076,1909f56bfc062723c751e8b465ee728b)  -> (artifact id: '708b0e3323720a5190c1894ac704d796') in 0.028299 seconds
  Import took 0.048525 seconds .

========================================================================
Received Import Request.
  Time since last request: 0.000219 seconds.
  path: Assets/Prefab/ShelfUVd.fbx
  artifactKey: Guid(9022fa79c6d81ac46a1676ec1a4f7be4) Importer(815301076,1909f56bfc062723c751e8b465ee728b)
Start importing Assets/Prefab/ShelfUVd.fbx using Guid(9022fa79c6d81ac46a1676ec1a4f7be4) Importer(815301076,1909f56bfc062723c751e8b465ee728b)  -> (artifact id: '625905ab852f42b7ebe4ef1127cb18d8') in 0.049890 seconds
  Import took 0.054250 seconds .

========================================================================
Received Import Request.
  Time since last request: 0.000227 seconds.
  path: Assets/Prefab/Candle.fbx
  artifactKey: Guid(f49a7db74c86ea948b1b2d148f81861e) Importer(815301076,1909f56bfc062723c751e8b465ee728b)
Start importing Assets/Prefab/Candle.fbx using Guid(f49a7db74c86ea948b1b2d148f81861e) Importer(815301076,1909f56bfc062723c751e8b465ee728b)  -> (artifact id: '4dea9b5cb17305d23e1f0f4466d6347a') in 0.018373 seconds
  Import took 0.022487 seconds .

========================================================================
Received Import Request.
  Time since last request: 0.000196 seconds.
  path: Assets/Prefab/Book3 5.fbx
  artifactKey: Guid(048cdb02a60b7524d86e63069c80bcab) Importer(815301076,1909f56bfc062723c751e8b465ee728b)
Start importing Assets/Prefab/Book3 5.fbx using Guid(048cdb02a60b7524d86e63069c80bcab) Importer(815301076,1909f56bfc062723c751e8b465ee728b)  -> (artifact id: 'fcfcc0ceb7c649fb40a626dadb56ff96') in 0.048130 seconds
  Import took 0.052056 seconds .

========================================================================
Received Import Request.
  Time since last request: 0.000197 seconds.
  path: Assets/Prefab/Book3 3.fbx
  artifactKey: Guid(48e697cbd44d6d64dac0e2797ddfd94d) Importer(815301076,1909f56bfc062723c751e8b465ee728b)
Start importing Assets/Prefab/Book3 3.fbx using Guid(48e697cbd44d6d64dac0e2797ddfd94d) Importer(815301076,1909f56bfc062723c751e8b465ee728b)  -> (artifact id: '64c3f097a6a62c0b8364e9286d450474') in 0.029749 seconds
  Import took 0.033330 seconds .

========================================================================
Received Import Request.
  Time since last request: 0.000186 seconds.
  path: Assets/Prefab/landing.fbx
  artifactKey: Guid(d93432df8556f03498bc27eb060e1888) Importer(815301076,1909f56bfc062723c751e8b465ee728b)
Start importing Assets/Prefab/landing.fbx using Guid(d93432df8556f03498bc27eb060e1888) Importer(815301076,1909f56bfc062723c751e8b465ee728b)  -> (artifact id: '61a66021a05e2d47683d5b7389496f98') in 0.019304 seconds
  Import took 0.023244 seconds .

========================================================================
Received Import Request.
  Time since last request: 0.000250 seconds.
  path: Assets/Prefab/PestleMortar.fbx
  artifactKey: Guid(19aa04ddeeb6c6d4a915a5b963465454) Importer(815301076,1909f56bfc062723c751e8b465ee728b)
Start importing Assets/Prefab/PestleMortar.fbx using Guid(19aa04ddeeb6c6d4a915a5b963465454) Importer(815301076,1909f56bfc062723c751e8b465ee728b)  -> (artifact id: '22c0c529676a93f76f4193a36c4db1ec') in 0.018861 seconds
  Import took 0.023360 seconds .

========================================================================
Received Import Request.
  Time since last request: 0.000197 seconds.
  path: Assets/Prefab/flame.prefab
  artifactKey: Guid(b82ce92dc1f6724468c71ca6249da93d) Importer(815301076,1909f56bfc062723c751e8b465ee728b)
Start importing Assets/Prefab/flame.prefab using Guid(b82ce92dc1f6724468c71ca6249da93d) Importer(815301076,1909f56bfc062723c751e8b465ee728b)  -> (artifact id: '001ed2727133e9c056dcc7e7a3f08589') in 0.035930 seconds
  Import took 0.039607 seconds .

========================================================================
Received Import Request.
  Time since last request: 0.000243 seconds.
  path: Assets/Prefab/Book3 2.fbx
  artifactKey: Guid(557eaa43481494b4686bd90742ebfd3b) Importer(815301076,1909f56bfc062723c751e8b465ee728b)
Start importing Assets/Prefab/Book3 2.fbx using Guid(557eaa43481494b4686bd90742ebfd3b) Importer(815301076,1909f56bfc062723c751e8b465ee728b)  -> (artifact id: '9818f3facdda18752959d0b0e2b2289d') in 0.040741 seconds
  Import took 0.045511 seconds .

========================================================================
Received Import Request.
  Time since last request: 0.000245 seconds.
  path: Assets/Prefab/Material Book.fbx
  artifactKey: Guid(93b0564f3ec38cb41aa6dff023ce6c48) Importer(815301076,1909f56bfc062723c751e8b465ee728b)
Start importing Assets/Prefab/Material Book.fbx using Guid(93b0564f3ec38cb41aa6dff023ce6c48) Importer(815301076,1909f56bfc062723c751e8b465ee728b)  -> (artifact id: 'efa46d5aa86ba6af03d6828827a2fa9e') in 0.022404 seconds
  Import took 0.027412 seconds .

========================================================================
Received Import Request.
  Time since last request: 0.000235 seconds.
  path: Assets/Prefab/Shelf3.fbx
  artifactKey: Guid(6373f669440a65b4ba73b0832246d47f) Importer(815301076,1909f56bfc062723c751e8b465ee728b)
Start importing Assets/Prefab/Shelf3.fbx using Guid(6373f669440a65b4ba73b0832246d47f) Importer(815301076,1909f56bfc062723c751e8b465ee728b)  -> (artifact id: '1f1ae230bfd9eb75ba1bf9bf2eb179d9') in 0.040706 seconds
  Import took 0.045957 seconds .

========================================================================
Received Import Request.
  Time since last request: 0.000208 seconds.
  path: Assets/Prefab/Book3 6.fbx
  artifactKey: Guid(6939298213c5e324faab32d2d35df99d) Importer(815301076,1909f56bfc062723c751e8b465ee728b)
Start importing Assets/Prefab/Book3 6.fbx using Guid(6939298213c5e324faab32d2d35df99d) Importer(815301076,1909f56bfc062723c751e8b465ee728b)  -> (artifact id: '6f7fd158dd5d83cf95aeefa9217a9c0b') in 0.039113 seconds
  Import took 0.042783 seconds .

========================================================================
Received Import Request.
  Time since last request: 0.000193 seconds.
  path: Assets/Prefab/roof1.fbx
  artifactKey: Guid(765c3aaff223bac44b5d316858874687) Importer(815301076,1909f56bfc062723c751e8b465ee728b)
Start importing Assets/Prefab/roof1.fbx using Guid(765c3aaff223bac44b5d316858874687) Importer(815301076,1909f56bfc062723c751e8b465ee728b)  -> (artifact id: 'a449673b92ccfc269de492b9da00c5f7') in 0.289197 seconds
  Import took 0.292882 seconds .

========================================================================
Received Import Request.
  Time since last request: 0.000193 seconds.
  path: Assets/Prefab/Tower.fbx
  artifactKey: Guid(befb67f0b1b535a449a9595e37765993) Importer(815301076,1909f56bfc062723c751e8b465ee728b)
Start importing Assets/Prefab/Tower.fbx using Guid(befb67f0b1b535a449a9595e37765993) Importer(815301076,1909f56bfc062723c751e8b465ee728b)  -> (artifact id: 'd56de1621bd03fc6df4344f130bc15b5') in 0.051839 seconds
  Import took 0.055598 seconds .

========================================================================
Received Import Request.
  Time since last request: 67.853301 seconds.
  path: Assets/Prefab/book var 1.fbx
  artifactKey: Guid(048cdb02a60b7524d86e63069c80bcab) Importer(815301076,1909f56bfc062723c751e8b465ee728b)
Start importing Assets/Prefab/book var 1.fbx using Guid(048cdb02a60b7524d86e63069c80bcab) Importer(815301076,1909f56bfc062723c751e8b465ee728b)  -> (artifact id: '5253df5d30eba7e8a0e122b6b4a1f93c') in 0.019338 seconds
  Import took 0.024431 seconds .

========================================================================
Received Import Request.
  Time since last request: 0.005452 seconds.
  path: Assets/Prefab/book var 1.fbx
  artifactKey: Guid(048cdb02a60b7524d86e63069c80bcab) Importer(815301076,1909f56bfc062723c751e8b465ee728b)
Start importing Assets/Prefab/book var 1.fbx using Guid(048cdb02a60b7524d86e63069c80bcab) Importer(815301076,1909f56bfc062723c751e8b465ee728b)  -> (artifact id: '5253df5d30eba7e8a0e122b6b4a1f93c') in 0.020159 seconds
  Import took 0.024372 seconds .

========================================================================
Received Import Request.
  Time since last request: 101.018509 seconds.
  path: Assets/Materials/Book/book var 1.mat
  artifactKey: Guid(b6da5115361620d448978006d3049793) Importer(815301076,1909f56bfc062723c751e8b465ee728b)
Start importing Assets/Materials/Book/book var 1.mat using Guid(b6da5115361620d448978006d3049793) Importer(815301076,1909f56bfc062723c751e8b465ee728b)  -> (artifact id: '2727dc31a9b51ad1d42e9bd465a9fbf3') in 0.013771 seconds
  Import took 0.018861 seconds .

========================================================================
Received Import Request.
  Time since last request: 22.044006 seconds.
  path: Assets/Materials/Book/book 1_Checker 1024_Normal.png
  artifactKey: Guid(79f73fc3caf33c146bf392ad667f6287) Importer(815301076,1909f56bfc062723c751e8b465ee728b)
Start importing Assets/Materials/Book/book 1_Checker 1024_Normal.png using Guid(79f73fc3caf33c146bf392ad667f6287) Importer(815301076,1909f56bfc062723c751e8b465ee728b)  -> (artifact id: 'cb06b970e316ba3d667326430fb17e60') in 0.020996 seconds
  Import took 0.025028 seconds .

========================================================================
Received Import Request.
  Time since last request: 37.293984 seconds.
  path: Assets/Materials/Book/book var 1.mat
  artifactKey: Guid(b6da5115361620d448978006d3049793) Importer(815301076,1909f56bfc062723c751e8b465ee728b)
Start importing Assets/Materials/Book/book var 1.mat using Guid(b6da5115361620d448978006d3049793) Importer(815301076,1909f56bfc062723c751e8b465ee728b)  -> (artifact id: '47fb4e5ad0932ce0a9d76e75fa798651') in 0.016660 seconds
  Import took 0.020549 seconds .

========================================================================
Received Import Request.
  Time since last request: 0.000184 seconds.
  path: Assets/Materials/Book/book var 2.mat
  artifactKey: Guid(3c75301744d5d7246be14db7ab8337f3) Importer(815301076,1909f56bfc062723c751e8b465ee728b)
Start importing Assets/Materials/Book/book var 2.mat using Guid(3c75301744d5d7246be14db7ab8337f3) Importer(815301076,1909f56bfc062723c751e8b465ee728b)  -> (artifact id: '997cddd65f5d526a18861139de657c70') in 0.014575 seconds
  Import took 0.018007 seconds .

========================================================================
Received Import Request.
  Time since last request: 14.511840 seconds.
  path: Assets/Materials/Book/Book2_Checker 1024_Normal.png
  artifactKey: Guid(b379f2081b3a33e4e97f5cac13477fa6) Importer(815301076,1909f56bfc062723c751e8b465ee728b)
Start importing Assets/Materials/Book/Book2_Checker 1024_Normal.png using Guid(b379f2081b3a33e4e97f5cac13477fa6) Importer(815301076,1909f56bfc062723c751e8b465ee728b)  -> (artifact id: '59b732ec81985d3163e898bbe0da2841') in 0.014083 seconds
  Import took 0.019667 seconds .

========================================================================
Received Import Request.
  Time since last request: 13.890057 seconds.
  path: Assets/Materials/Book/book var 2.mat
  artifactKey: Guid(3c75301744d5d7246be14db7ab8337f3) Importer(815301076,1909f56bfc062723c751e8b465ee728b)
Start importing Assets/Materials/Book/book var 2.mat using Guid(3c75301744d5d7246be14db7ab8337f3) Importer(815301076,1909f56bfc062723c751e8b465ee728b)  -> (artifact id: '5f5ec4a59fa1399b8628748a1bebb232') in 0.014580 seconds
  Import took 0.018590 seconds .

========================================================================
Received Import Request.
  Time since last request: 0.000218 seconds.
  path: Assets/Materials/Book/Book var 3.mat
  artifactKey: Guid(e5fa3e0a3a4ec814194c27241e50e3ac) Importer(815301076,1909f56bfc062723c751e8b465ee728b)
Start importing Assets/Materials/Book/Book var 3.mat using Guid(e5fa3e0a3a4ec814194c27241e50e3ac) Importer(815301076,1909f56bfc062723c751e8b465ee728b)  -> (artifact id: '313ecaac5491b3175932e3b98c4ae6aa') in 0.013145 seconds
  Import took 0.017310 seconds .

========================================================================
Received Import Request.
  Time since last request: 12.716717 seconds.
  path: Assets/Materials/Book/Book3_Checker 1024_Normal.png
  artifactKey: Guid(d3b7f4182b9b5174189568e8d5e99f73) Importer(815301076,1909f56bfc062723c751e8b465ee728b)
Start importing Assets/Materials/Book/Book3_Checker 1024_Normal.png using Guid(d3b7f4182b9b5174189568e8d5e99f73) Importer(815301076,1909f56bfc062723c751e8b465ee728b)  -> (artifact id: 'e32de978a655c88bf6bb5c43ebf464fe') in 0.012165 seconds
  Import took 0.016194 seconds .

========================================================================
Received Import Request.
  Time since last request: 113.118794 seconds.
  path: Assets/Prefab/book var 2.fbx
  artifactKey: Guid(557eaa43481494b4686bd90742ebfd3b) Importer(815301076,1909f56bfc062723c751e8b465ee728b)
Start importing Assets/Prefab/book var 2.fbx using Guid(557eaa43481494b4686bd90742ebfd3b) Importer(815301076,1909f56bfc062723c751e8b465ee728b)  -> (artifact id: '378c469cf090edfb13088540425cb2a1') in 0.017927 seconds
  Import took 0.022080 seconds .

========================================================================
Received Import Request.
  Time since last request: 8.983235 seconds.
  path: Assets/Prefab/book var 3.fbx
  artifactKey: Guid(bc9719d783020d74baa78ca82e3d7015) Importer(815301076,1909f56bfc062723c751e8b465ee728b)
Start importing Assets/Prefab/book var 3.fbx using Guid(bc9719d783020d74baa78ca82e3d7015) Importer(815301076,1909f56bfc062723c751e8b465ee728b)  -> (artifact id: 'fb592f50db68b9bae374666d392ca3e5') in 0.027344 seconds
  Import took 0.031904 seconds .

========================================================================
Received Import Request.
  Time since last request: 11.384354 seconds.
  path: Assets/Prefab/book var 3.fbx
  artifactKey: Guid(bc9719d783020d74baa78ca82e3d7015) Importer(815301076,1909f56bfc062723c751e8b465ee728b)
Start importing Assets/Prefab/book var 3.fbx using Guid(bc9719d783020d74baa78ca82e3d7015) Importer(815301076,1909f56bfc062723c751e8b465ee728b)  -> (artifact id: '8e6f64ffe4e75b13fe7a8d5552291859') in 0.017102 seconds
  Import took 0.021195 seconds .

========================================================================
Received Import Request.
  Time since last request: 8.800603 seconds.
  path: Assets/zExampleAssets/Models/Workbench.fbx
  artifactKey: Guid(efe9381559c516743bd05cef82f39ebb) Importer(815301076,1909f56bfc062723c751e8b465ee728b)
Start importing Assets/zExampleAssets/Models/Workbench.fbx using Guid(efe9381559c516743bd05cef82f39ebb) Importer(815301076,1909f56bfc062723c751e8b465ee728b)  -> (artifact id: 'fff753a3d607ad0b6b80fa6fe182f4e5') in 0.128616 seconds
  Import took 0.132683 seconds .

========================================================================
Received Import Request.
  Time since last request: 0.000248 seconds.
  path: Assets/Materials/globe/castleAndBase.mat
  artifactKey: Guid(180af95de0891e34197b09be5c879ce1) Importer(815301076,1909f56bfc062723c751e8b465ee728b)
Start importing Assets/Materials/globe/castleAndBase.mat using Guid(180af95de0891e34197b09be5c879ce1) Importer(815301076,1909f56bfc062723c751e8b465ee728b)  -> (artifact id: '9b7a041ee0881414b6a09c5074295d69') in 0.013931 seconds
  Import took 0.018435 seconds .

========================================================================
Received Import Request.
  Time since last request: 0.000246 seconds.
  path: Assets/Materials/Candle/Candle.mat
  artifactKey: Guid(a185a1799487c8c4c8c13b2300d5c403) Importer(815301076,1909f56bfc062723c751e8b465ee728b)
Start importing Assets/Materials/Candle/Candle.mat using Guid(a185a1799487c8c4c8c13b2300d5c403) Importer(815301076,1909f56bfc062723c751e8b465ee728b)  -> (artifact id: '71e4ce366765d38347165bc1edaa0cd8') in 0.014750 seconds
  Import took 0.019300 seconds .

========================================================================
Received Import Request.
  Time since last request: 0.000325 seconds.
  path: Assets/zExampleAssets/Models/Workbench.fbx
  artifactKey: Guid(efe9381559c516743bd05cef82f39ebb) Importer(815301076,1909f56bfc062723c751e8b465ee728b)
Start importing Assets/zExampleAssets/Models/Workbench.fbx using Guid(efe9381559c516743bd05cef82f39ebb) Importer(815301076,1909f56bfc062723c751e8b465ee728b)  -> (artifact id: 'fff753a3d607ad0b6b80fa6fe182f4e5') in 0.074086 seconds
  Import took 0.078766 seconds .

========================================================================
Received Import Request.
  Time since last request: 0.000234 seconds.
  path: Assets/zExampleAssets/Models/Workbench_Low.fbx
  artifactKey: Guid(ff6dc36862fe41641bb21568d92147c9) Importer(815301076,1909f56bfc062723c751e8b465ee728b)
Start importing Assets/zExampleAssets/Models/Workbench_Low.fbx using Guid(ff6dc36862fe41641bb21568d92147c9) Importer(815301076,1909f56bfc062723c751e8b465ee728b)  -> (artifact id: '171e4c309d05ad5587a5190352fca0ff') in 0.096680 seconds
  Import took 0.100985 seconds .

========================================================================
Received Import Request.
  Time since last request: 0.003549 seconds.
  path: Assets/zExampleAssets/Models/Workbench_Low.fbx
  artifactKey: Guid(ff6dc36862fe41641bb21568d92147c9) Importer(815301076,1909f56bfc062723c751e8b465ee728b)
Start importing Assets/zExampleAssets/Models/Workbench_Low.fbx using Guid(ff6dc36862fe41641bb21568d92147c9) Importer(815301076,1909f56bfc062723c751e8b465ee728b)  -> (artifact id: '171e4c309d05ad5587a5190352fca0ff') in 0.072580 seconds
  Import took 0.077893 seconds .

========================================================================
Received Import Request.
  Time since last request: 4.749150 seconds.
  path: Assets/Prefab/book var 2.fbx
  artifactKey: Guid(557eaa43481494b4686bd90742ebfd3b) Importer(815301076,1909f56bfc062723c751e8b465ee728b)
Start importing Assets/Prefab/book var 2.fbx using Guid(557eaa43481494b4686bd90742ebfd3b) Importer(815301076,1909f56bfc062723c751e8b465ee728b)  -> (artifact id: '4a9ea780c6678236087d169ad9899a58') in 0.019373 seconds
  Import took 0.023452 seconds .

========================================================================
Received Import Request.
  Time since last request: 0.007244 seconds.
  path: Assets/Prefab/book var 2.fbx
  artifactKey: Guid(557eaa43481494b4686bd90742ebfd3b) Importer(815301076,1909f56bfc062723c751e8b465ee728b)
Start importing Assets/Prefab/book var 2.fbx using Guid(557eaa43481494b4686bd90742ebfd3b) Importer(815301076,1909f56bfc062723c751e8b465ee728b)  -> (artifact id: '4a9ea780c6678236087d169ad9899a58') in 0.019369 seconds
  Import took 0.024351 seconds .

========================================================================
Received Import Request.
  Time since last request: 73.190527 seconds.
  path: Assets/Prefab/book var 1.fbx
  artifactKey: Guid(048cdb02a60b7524d86e63069c80bcab) Importer(815301076,1909f56bfc062723c751e8b465ee728b)
Start importing Assets/Prefab/book var 1.fbx using Guid(048cdb02a60b7524d86e63069c80bcab) Importer(815301076,1909f56bfc062723c751e8b465ee728b)  -> (artifact id: '8a92d5e2109a4695ad4a358a8c41ab24') in 0.017284 seconds
  Import took 0.021660 seconds .

========================================================================
Received Import Request.
  Time since last request: 38.109509 seconds.
  path: Assets/Materials/Candle/Candle_Checker 1024_Albedo.png
  artifactKey: Guid(dcb4ddd8993fb3a48bd3f384ec15d8fe) Importer(815301076,1909f56bfc062723c751e8b465ee728b)
Start importing Assets/Materials/Candle/Candle_Checker 1024_Albedo.png using Guid(dcb4ddd8993fb3a48bd3f384ec15d8fe) Importer(815301076,1909f56bfc062723c751e8b465ee728b)  -> (artifact id: '857c1c496db7835f500395b75e8821c4') in 0.011288 seconds
  Import took 0.015491 seconds .

========================================================================
Received Import Request.
  Time since last request: 0.000185 seconds.
  path: Assets/Materials/Candle/Candle_Checker 1024_Normal.png
  artifactKey: Guid(2b9a9b48d91ca3e42becf03e5f906cf5) Importer(815301076,1909f56bfc062723c751e8b465ee728b)
Start importing Assets/Materials/Candle/Candle_Checker 1024_Normal.png using Guid(2b9a9b48d91ca3e42becf03e5f906cf5) Importer(815301076,1909f56bfc062723c751e8b465ee728b)  -> (artifact id: 'f7a0f18db9c5d43bb243fc64eac2db5f') in 0.014902 seconds
  Import took 0.018650 seconds .

========================================================================
Received Import Request.
  Time since last request: 0.000198 seconds.
  path: Assets/Materials/Candle/Candle_Checker 1024_MetallicSmoothness.png
  artifactKey: Guid(bf484bd20dc27fb49beefbc7925be3b4) Importer(815301076,1909f56bfc062723c751e8b465ee728b)
Start importing Assets/Materials/Candle/Candle_Checker 1024_MetallicSmoothness.png using Guid(bf484bd20dc27fb49beefbc7925be3b4) Importer(815301076,1909f56bfc062723c751e8b465ee728b)  -> (artifact id: '9477828dafea581d4ab6a34115c96ef6') in 0.013881 seconds
  Import took 0.018575 seconds .

AssetImportWorkerClient::OnTransportError - code=2 error=End of file
